#
# A fatal error has been detected by the Java Runtime Environment:
#
#  SIGSEGV (0xb) at pc=0x000000015565e234, pid=34597, tid=0x0000000000000307
#
# JRE version: Java(TM) SE Runtime Environment (8.0_111-b14) (build 1.8.0_111-b14)
# Java VM: Java HotSpot(TM) 64-Bit Server VM (25.111-b14 mixed mode bsd-amd64 compressed oops)
# Problematic frame:
# C  [libopencv_imgproc.4.1.dylib+0x11a234]  cvGetTextSize+0x1a4
#
# Failed to write core dump. Core dumps have been disabled. To enable core dumping, try "ulimit -c unlimited" before starting Java again
#
# If you would like to submit a bug report, please visit:
#   http://bugreport.java.com/bugreport/crash.jsp
# The crash happened outside the Java Virtual Machine in native code.
# See problematic frame for where to report the bug.
#

---------------  T H R E A D  ---------------

Current thread (0x00007f9cf40c7800):  JavaThread "JavaFX Application Thread" [_thread_in_native, id=775, stack(0x00007ffedfdeb000,0x00007ffee05eb000)]

siginfo: si_signo: 11 (SIGSEGV), si_code: 1 (SEGV_MAPERR), si_addr: 0x000000016b2b0d15

Registers:
RAX=0x000000016b2b0d15, RBX=0x000000000000002d, RCX=0x0000000000000000, RDX=0x0000000000000000
RSP=0x00007ffee05df740, RBP=0x00007ffee05df7a0, RSI=0x0000000000000058, RDI=0x000000000000002c
R8 =0x000000000000002c, R9 =0x0000000000000003, R10=0x0000000000000f00, R11=0x0000000000000407
R12=0x00007ffee05df8d0, R13=0x0000000000000008, R14=0x00007ffee05df980, R15=0x00007ffee05dfa20
RIP=0x000000015565e234, EFLAGS=0x0000000000010246, ERR=0x0000000000000006
  TRAPNO=0x000000000000000e

Top of Stack: (sp=0x00007ffee05df740)
0x00007ffee05df740:   00007f9cf40c7800 000001bf00000407
0x00007ffee05df750:   0000019300000407 000000016b2b0d15
0x00007ffee05df760:   000000016b10d000 0000000300000f00
0x00007ffee05df770:   0000002d0000002c 0000005800000000
0x00007ffee05df780:   00000003fffff100 000000007fffffff
0x00007ffee05df790:   00007ffee05df980 00007ffee05df8e0
0x00007ffee05df7a0:   00007ffee05df8b0 0000000155653f52
0x00007ffee05df7b0:   0000000000000008 000000011bec9b08
0x00007ffee05df7c0:   0000000000000000 000000011bec9b08
0x00007ffee05df7d0:   00007f9cf40c7800 00007ffee05df8e0
0x00007ffee05df7e0:   000000011bec9b08 00007ffee05df9a8
0x00007ffee05df7f0:   00007f9cf40c7800 000000011bec9b08
0x00007ffee05df800:   00007f9cf40c7800 00007ffee05df9a8
0x00007ffee05df810:   00007ffee05df980 000000011bec9b08
0x00007ffee05df820:   00007f9cf40c7800 000000011bec9b08
0x00007ffee05df830:   00007f9cf40c79f8 00007ffee05dfa20
0x00007ffee05df840:   00007f9cf8b5f720 000000011bec9b08
0x00007ffee05df850:   000000011e658260 00007ffee05df960
0x00007ffee05df860:   000000011bec9b08 00007ffee05dfa28
0x00007ffee05df870:   00007f9cf40c7800 00007ffee05df960
0x00007ffee05df880:   22dc0a6ac97400ba 00007ffee05dfa20
0x00007ffee05df890:   0000000000000004 00007ffee05df9e0
0x00007ffee05df8a0:   00007ffee05df980 0000000000000001
0x00007ffee05df8b0:   00007ffee05df940 0000000155654a55
0x00007ffee05df8c0:   0000000000000002 0000000000000000
0x00007ffee05df8d0:   0000000000000407 00000000000001bf
0x00007ffee05df8e0:   0000000000000407 0000000000000193
0x00007ffee05df8f0:   0000000000000407 0000000000000193
0x00007ffee05df900:   0000000000000000 00007fff7e89c43b
0x00007ffee05df910:   0000000000000000 00007ffee05dfaa8
0x00007ffee05df920:   00007ffee05dfaa0 0000000000000000
0x00007ffee05df930:   0000000000000008 0000000000000001 

Instructions: (pc=0x000000015565e234)
0x000000015565e214:   00 00 83 f8 01 74 67 83 f8 03 0f 85 ab 00 00 00
0x000000015565e224:   48 8b 45 b8 0f 1f 84 00 00 00 00 00 41 0f b6 0f
0x000000015565e234:   88 08 41 0f b6 4f 01 88 48 01 41 0f b6 4f 02 88
0x000000015565e244:   48 02 8b 45 d0 89 c1 c1 f9 1f 48 8b 55 d8 01 d0 

Register to memory mapping:

RAX=0x000000016b2b0d15 is an unknown value
RBX=0x000000000000002d is an unknown value
RCX=0x0000000000000000 is an unknown value
RDX=0x0000000000000000 is an unknown value
RSP=0x00007ffee05df740 is pointing into the stack for thread: 0x00007f9cf40c7800
RBP=0x00007ffee05df7a0 is pointing into the stack for thread: 0x00007f9cf40c7800
RSI=0x0000000000000058 is an unknown value
RDI=0x000000000000002c is an unknown value
R8 =0x000000000000002c is an unknown value
R9 =0x0000000000000003 is an unknown value
R10=0x0000000000000f00 is an unknown value
R11=0x0000000000000407 is an unknown value
R12=0x00007ffee05df8d0 is pointing into the stack for thread: 0x00007f9cf40c7800
R13=0x0000000000000008 is an unknown value
R14=0x00007ffee05df980 is pointing into the stack for thread: 0x00007f9cf40c7800
R15=0x00007ffee05dfa20 is pointing into the stack for thread: 0x00007f9cf40c7800


Stack: [0x00007ffedfdeb000,0x00007ffee05eb000],  sp=0x00007ffee05df740,  free space=8145k
Native frames: (J=compiled Java code, j=interpreted, Vv=VM code, C=native code)
C  [libopencv_imgproc.4.1.dylib+0x11a234]  cvGetTextSize+0x1a4
C  [libopencv_imgproc.4.1.dylib+0x10ff52]  cv::line(cv::_InputOutputArray const&, cv::Point_<int>, cv::Point_<int>, cv::Scalar_<double> const&, int, int, int)+0x582
C  [libopencv_imgproc.4.1.dylib+0x110a55]  cv::rectangle(cv::_InputOutputArray const&, cv::Point_<int>, cv::Point_<int>, cv::Scalar_<double> const&, int, int, int)+0x555
C  [libopencv_imgproc.4.1.dylib+0x1106f9]  cv::rectangle(cv::_InputOutputArray const&, cv::Point_<int>, cv::Point_<int>, cv::Scalar_<double> const&, int, int, int)+0x1f9
C  [libopencv_imgproc.4.1.dylib+0x111406]  cv::rectangle(cv::_InputOutputArray const&, cv::Rect_<int>, cv::Scalar_<double> const&, int, int, int)+0x86
C  [libjniopencv_imgproc.dylib+0xa0b15]  Java_org_bytedeco_opencv_global_opencv_1imgproc_rectangle__Lorg_bytedeco_opencv_opencv_1core_Mat_2Lorg_bytedeco_opencv_opencv_1core_Rect_2Lorg_bytedeco_opencv_opencv_1core_Scalar_2+0x145
J 3135  org.bytedeco.opencv.global.opencv_imgproc.rectangle(Lorg/bytedeco/opencv/opencv_core/Mat;Lorg/bytedeco/opencv/opencv_core/Rect;Lorg/bytedeco/opencv/opencv_core/Scalar;)V (0 bytes) @ 0x000000011eba44ad [0x000000011eba43c0+0xed]
J 4911 C1 application.FaceDetectionController.detectAndDisplay(Lorg/bytedeco/opencv/opencv_core/Mat;Ljava/util/ArrayList;)Lorg/bytedeco/opencv/opencv_core/Mat; (389 bytes) @ 0x000000011f423a7c [0x000000011f422fc0+0xabc]
J 4902 C1 application.FaceDetectionController.grabFrame(Ljava/util/ArrayList;)Lorg/bytedeco/opencv/opencv_core/Mat; (93 bytes) @ 0x000000011f41e2d4 [0x000000011f41db60+0x774]
j  application.FaceDetectionController.takePicture()V+17
v  ~StubRoutines::call_stub
V  [libjvm.dylib+0x2ecf8a]  JavaCalls::call_helper(JavaValue*, methodHandle*, JavaCallArguments*, Thread*)+0x6ae
V  [libjvm.dylib+0x4d1bb4]  Reflection::invoke(instanceKlassHandle, methodHandle, Handle, bool, objArrayHandle, BasicType, objArrayHandle, bool, Thread*)+0xe12
V  [libjvm.dylib+0x4d20e8]  Reflection::invoke_method(oopDesc*, Handle, objArrayHandle, Thread*)+0x16c
V  [libjvm.dylib+0x345394]  JVM_InvokeMethod+0x166
J 7358  sun.reflect.NativeMethodAccessorImpl.invoke0(Ljava/lang/reflect/Method;Ljava/lang/Object;[Ljava/lang/Object;)Ljava/lang/Object; (0 bytes) @ 0x000000011fa0f66d [0x000000011fa0f580+0xed]
J 6084 C1 sun.reflect.NativeMethodAccessorImpl.invoke(Ljava/lang/Object;[Ljava/lang/Object;)Ljava/lang/Object; (104 bytes) @ 0x000000011f461dd4 [0x000000011f460c00+0x11d4]
J 4401 C1 sun.reflect.DelegatingMethodAccessorImpl.invoke(Ljava/lang/Object;[Ljava/lang/Object;)Ljava/lang/Object; (10 bytes) @ 0x000000011f29104c [0x000000011f290f40+0x10c]
J 3931 C1 java.lang.reflect.Method.invoke(Ljava/lang/Object;[Ljava/lang/Object;)Ljava/lang/Object; (62 bytes) @ 0x000000011ece369c [0x000000011ece32a0+0x3fc]
j  sun.reflect.misc.Trampoline.invoke(Ljava/lang/reflect/Method;Ljava/lang/Object;[Ljava/lang/Object;)Ljava/lang/Object;+7
j  sun.reflect.GeneratedMethodAccessor1.invoke(Ljava/lang/Object;[Ljava/lang/Object;)Ljava/lang/Object;+40
J 4401 C1 sun.reflect.DelegatingMethodAccessorImpl.invoke(Ljava/lang/Object;[Ljava/lang/Object;)Ljava/lang/Object; (10 bytes) @ 0x000000011f29104c [0x000000011f290f40+0x10c]
J 3931 C1 java.lang.reflect.Method.invoke(Ljava/lang/Object;[Ljava/lang/Object;)Ljava/lang/Object; (62 bytes) @ 0x000000011ece369c [0x000000011ece32a0+0x3fc]
j  sun.reflect.misc.MethodUtil.invoke(Ljava/lang/reflect/Method;Ljava/lang/Object;[Ljava/lang/Object;)Ljava/lang/Object;+20
j  javafx.fxml.FXMLLoader$MethodHandler.invoke([Ljava/lang/Object;)V+38
j  javafx.fxml.FXMLLoader$ControllerMethodEventHandler.handle(Ljavafx/event/Event;)V+12
J 5261 C2 com.sun.javafx.event.EventHandlerManager.dispatchBubblingEvent(Ljavafx/event/Event;)Ljavafx/event/Event; (23 bytes) @ 0x000000011f523c44 [0x000000011f523420+0x824]
J 6222 C2 com.sun.javafx.event.CompositeEventDispatcher.dispatchBubblingEvent(Ljavafx/event/Event;)Ljavafx/event/Event; (35 bytes) @ 0x000000011e78588c [0x000000011e785820+0x6c]
J 5324 C2 com.sun.javafx.event.BasicEventDispatcher.dispatchEvent(Ljavafx/event/Event;Ljavafx/event/EventDispatchChain;)Ljavafx/event/Event; (44 bytes) @ 0x000000011f54b970 [0x000000011f54b840+0x130]
J 5324 C2 com.sun.javafx.event.BasicEventDispatcher.dispatchEvent(Ljavafx/event/Event;Ljavafx/event/EventDispatchChain;)Ljavafx/event/Event; (44 bytes) @ 0x000000011f54b92c [0x000000011f54b840+0xec]
J 5324 C2 com.sun.javafx.event.BasicEventDispatcher.dispatchEvent(Ljavafx/event/Event;Ljavafx/event/EventDispatchChain;)Ljavafx/event/Event; (44 bytes) @ 0x000000011f54b92c [0x000000011f54b840+0xec]
J 5016 C2 com.sun.javafx.event.EventDispatchChainImpl.dispatchEvent(Ljavafx/event/Event;)Ljavafx/event/Event; (101 bytes) @ 0x000000011f476cd8 [0x000000011f476c20+0xb8]
J 4799 C1 com.sun.javafx.event.EventUtil.fireEvent(Ljavafx/event/EventTarget;Ljavafx/event/Event;)Ljavafx/event/Event; (81 bytes) @ 0x000000011eedc9fc [0x000000011eedbe40+0xbbc]
J 4999 C1 javafx.event.Event.fireEvent(Ljavafx/event/EventTarget;Ljavafx/event/Event;)V (35 bytes) @ 0x000000011f45c92c [0x000000011f45c860+0xcc]
j  javafx.scene.Node.fireEvent(Ljavafx/event/Event;)V+86
j  javafx.scene.control.Button.fire()V+15
j  com.sun.javafx.scene.control.behavior.ButtonBehavior.mouseReleased(Ljavafx/scene/input/MouseEvent;)V+23
J 6224 C1 com.sun.javafx.scene.control.skin.BehaviorSkinBase$1.handle(Ljavafx/scene/input/MouseEvent;)V (121 bytes) @ 0x000000011e975ffc [0x000000011e975be0+0x41c]
J 6223 C1 com.sun.javafx.scene.control.skin.BehaviorSkinBase$1.handle(Ljavafx/event/Event;)V (9 bytes) @ 0x000000011ef4dbac [0x000000011ef4da40+0x16c]
J 5261 C2 com.sun.javafx.event.EventHandlerManager.dispatchBubblingEvent(Ljavafx/event/Event;)Ljavafx/event/Event; (23 bytes) @ 0x000000011f52378c [0x000000011f523420+0x36c]
J 6222 C2 com.sun.javafx.event.CompositeEventDispatcher.dispatchBubblingEvent(Ljavafx/event/Event;)Ljavafx/event/Event; (35 bytes) @ 0x000000011e78588c [0x000000011e785820+0x6c]
J 5324 C2 com.sun.javafx.event.BasicEventDispatcher.dispatchEvent(Ljavafx/event/Event;Ljavafx/event/EventDispatchChain;)Ljavafx/event/Event; (44 bytes) @ 0x000000011f54b970 [0x000000011f54b840+0x130]
J 5324 C2 com.sun.javafx.event.BasicEventDispatcher.dispatchEvent(Ljavafx/event/Event;Ljavafx/event/EventDispatchChain;)Ljavafx/event/Event; (44 bytes) @ 0x000000011f54b92c [0x000000011f54b840+0xec]
J 5324 C2 com.sun.javafx.event.BasicEventDispatcher.dispatchEvent(Ljavafx/event/Event;Ljavafx/event/EventDispatchChain;)Ljavafx/event/Event; (44 bytes) @ 0x000000011f54b92c [0x000000011f54b840+0xec]
J 8585 C2 javafx.scene.Scene$MouseHandler.process(Ljavafx/scene/input/MouseEvent;Z)V (735 bytes) @ 0x000000011fd422f4 [0x000000011fd41200+0x10f4]
J 4833 C1 javafx.scene.Scene$ScenePeerListener.mouseEvent(Ljavafx/event/EventType;DDDDLjavafx/scene/input/MouseButton;ZZZZZZZZZ)V (50 bytes) @ 0x000000011eadcf74 [0x000000011eadcca0+0x2d4]
J 4828 C1 com.sun.javafx.tk.quantum.GlassViewEventHandler$MouseEventNotification.run()Ljava/lang/Void; (567 bytes) @ 0x000000011efff31c [0x000000011effe540+0xddc]
J 4827 C1 com.sun.javafx.tk.quantum.GlassViewEventHandler$MouseEventNotification.run()Ljava/lang/Object; (5 bytes) @ 0x000000011f0da80c [0x000000011f0da780+0x8c]
v  ~StubRoutines::call_stub
V  [libjvm.dylib+0x2ecf8a]  JavaCalls::call_helper(JavaValue*, methodHandle*, JavaCallArguments*, Thread*)+0x6ae
V  [libjvm.dylib+0x34d6c8]  JVM_DoPrivileged+0x4b8
J 1591  java.security.AccessController.doPrivileged(Ljava/security/PrivilegedAction;Ljava/security/AccessControlContext;)Ljava/lang/Object; (0 bytes) @ 0x000000011eb863d5 [0x000000011eb86300+0xd5]
J 3429 C1 com.sun.javafx.tk.quantum.GlassViewEventHandler$$Lambda$187.get()Ljava/lang/Object; (8 bytes) @ 0x000000011edba124 [0x000000011edb9f40+0x1e4]
J 5149 C2 com.sun.javafx.tk.quantum.QuantumToolkit.runWithoutRenderLock(Ljava/util/function/Supplier;)Ljava/lang/Object; (49 bytes) @ 0x000000011f4d5428 [0x000000011f4d53c0+0x68]
J 3426 C1 com.sun.javafx.tk.quantum.GlassViewEventHandler.handleMouseEvent(Lcom/sun/glass/ui/View;JIIIIIIIZZ)V (108 bytes) @ 0x000000011ebeae24 [0x000000011ebeaa00+0x424]
J 2685 C1 com.sun.glass.ui.View.notifyMouse(IIIIIIIZZ)V (221 bytes) @ 0x000000011ea8eafc [0x000000011ea8da20+0x10dc]
v  ~StubRoutines::call_stub
V  [libjvm.dylib+0x2ecf8a]  JavaCalls::call_helper(JavaValue*, methodHandle*, JavaCallArguments*, Thread*)+0x6ae
V  [libjvm.dylib+0x324119]  jni_invoke_nonstatic(JNIEnv_*, JavaValue*, _jobject*, JNICallType, _jmethodID*, JNI_ArgumentPusher*, Thread*)+0x2ec
V  [libjvm.dylib+0x3168e7]  jni_CallVoidMethod+0x16b
C  [libglass.dylib+0x2058c]  -[GlassViewDelegate sendJavaMouseEvent:]+0x86c
C  [AppKit+0x18601a]  -[NSWindow(NSEventRouting) _reallySendEvent:isDelayedEvent:]+0x76b
C  [AppKit+0x185667]  -[NSWindow(NSEventRouting) sendEvent:]+0x1de
C  [libglass.dylib+0x25964]  -[GlassWindow_Normal sendEvent:]+0x74
C  [AppKit+0x24e6b]  -[NSApplication(NSEvent) sendEvent:]+0x14b
C  [AppKit+0x135e0]  -[NSApplication run]+0x2f3
C  [libglass.dylib+0x654c]  -[GlassApplication runLoop:]+0x72c
C  [Foundation+0xb0302]  __NSThreadPerformPerform+0x148
C  [CoreFoundation+0x57683]  __CFRUNLOOP_IS_CALLING_OUT_TO_A_SOURCE0_PERFORM_FUNCTION__+0x11
C  [CoreFoundation+0x57629]  __CFRunLoopDoSource0+0x6c
C  [CoreFoundation+0x3afeb]  __CFRunLoopDoSources0+0xc3
C  [CoreFoundation+0x3a5b5]  __CFRunLoopRun+0x4a5
C  [CoreFoundation+0x39ebe]  CFRunLoopRunSpecific+0x1c7
C  [java+0x6465]  CreateExecutionEnvironment+0x367
C  [java+0x218c]  JLI_Launch+0x7a0
C  [java+0x84c2]  main+0x65
C  [java+0x19e4]  start+0x34
C  0x0000000000000006

Java frames: (J=compiled Java code, j=interpreted, Vv=VM code)
J 3135  org.bytedeco.opencv.global.opencv_imgproc.rectangle(Lorg/bytedeco/opencv/opencv_core/Mat;Lorg/bytedeco/opencv/opencv_core/Rect;Lorg/bytedeco/opencv/opencv_core/Scalar;)V (0 bytes) @ 0x000000011eba4437 [0x000000011eba43c0+0x77]
J 4911 C1 application.FaceDetectionController.detectAndDisplay(Lorg/bytedeco/opencv/opencv_core/Mat;Ljava/util/ArrayList;)Lorg/bytedeco/opencv/opencv_core/Mat; (389 bytes) @ 0x000000011f423a7c [0x000000011f422fc0+0xabc]
J 4902 C1 application.FaceDetectionController.grabFrame(Ljava/util/ArrayList;)Lorg/bytedeco/opencv/opencv_core/Mat; (93 bytes) @ 0x000000011f41e2d4 [0x000000011f41db60+0x774]
j  application.FaceDetectionController.takePicture()V+17
v  ~StubRoutines::call_stub
J 7358  sun.reflect.NativeMethodAccessorImpl.invoke0(Ljava/lang/reflect/Method;Ljava/lang/Object;[Ljava/lang/Object;)Ljava/lang/Object; (0 bytes) @ 0x000000011fa0f5f7 [0x000000011fa0f580+0x77]
J 6084 C1 sun.reflect.NativeMethodAccessorImpl.invoke(Ljava/lang/Object;[Ljava/lang/Object;)Ljava/lang/Object; (104 bytes) @ 0x000000011f461dd4 [0x000000011f460c00+0x11d4]
J 4401 C1 sun.reflect.DelegatingMethodAccessorImpl.invoke(Ljava/lang/Object;[Ljava/lang/Object;)Ljava/lang/Object; (10 bytes) @ 0x000000011f29104c [0x000000011f290f40+0x10c]
J 3931 C1 java.lang.reflect.Method.invoke(Ljava/lang/Object;[Ljava/lang/Object;)Ljava/lang/Object; (62 bytes) @ 0x000000011ece369c [0x000000011ece32a0+0x3fc]
j  sun.reflect.misc.Trampoline.invoke(Ljava/lang/reflect/Method;Ljava/lang/Object;[Ljava/lang/Object;)Ljava/lang/Object;+7
j  sun.reflect.GeneratedMethodAccessor1.invoke(Ljava/lang/Object;[Ljava/lang/Object;)Ljava/lang/Object;+40
J 4401 C1 sun.reflect.DelegatingMethodAccessorImpl.invoke(Ljava/lang/Object;[Ljava/lang/Object;)Ljava/lang/Object; (10 bytes) @ 0x000000011f29104c [0x000000011f290f40+0x10c]
J 3931 C1 java.lang.reflect.Method.invoke(Ljava/lang/Object;[Ljava/lang/Object;)Ljava/lang/Object; (62 bytes) @ 0x000000011ece369c [0x000000011ece32a0+0x3fc]
j  sun.reflect.misc.MethodUtil.invoke(Ljava/lang/reflect/Method;Ljava/lang/Object;[Ljava/lang/Object;)Ljava/lang/Object;+20
j  javafx.fxml.FXMLLoader$MethodHandler.invoke([Ljava/lang/Object;)V+38
j  javafx.fxml.FXMLLoader$ControllerMethodEventHandler.handle(Ljavafx/event/Event;)V+12
J 5261 C2 com.sun.javafx.event.EventHandlerManager.dispatchBubblingEvent(Ljavafx/event/Event;)Ljavafx/event/Event; (23 bytes) @ 0x000000011f523c44 [0x000000011f523420+0x824]
J 6222 C2 com.sun.javafx.event.CompositeEventDispatcher.dispatchBubblingEvent(Ljavafx/event/Event;)Ljavafx/event/Event; (35 bytes) @ 0x000000011e78588c [0x000000011e785820+0x6c]
J 5324 C2 com.sun.javafx.event.BasicEventDispatcher.dispatchEvent(Ljavafx/event/Event;Ljavafx/event/EventDispatchChain;)Ljavafx/event/Event; (44 bytes) @ 0x000000011f54b970 [0x000000011f54b840+0x130]
J 5324 C2 com.sun.javafx.event.BasicEventDispatcher.dispatchEvent(Ljavafx/event/Event;Ljavafx/event/EventDispatchChain;)Ljavafx/event/Event; (44 bytes) @ 0x000000011f54b92c [0x000000011f54b840+0xec]
J 5324 C2 com.sun.javafx.event.BasicEventDispatcher.dispatchEvent(Ljavafx/event/Event;Ljavafx/event/EventDispatchChain;)Ljavafx/event/Event; (44 bytes) @ 0x000000011f54b92c [0x000000011f54b840+0xec]
J 5016 C2 com.sun.javafx.event.EventDispatchChainImpl.dispatchEvent(Ljavafx/event/Event;)Ljavafx/event/Event; (101 bytes) @ 0x000000011f476cd8 [0x000000011f476c20+0xb8]
J 4799 C1 com.sun.javafx.event.EventUtil.fireEvent(Ljavafx/event/EventTarget;Ljavafx/event/Event;)Ljavafx/event/Event; (81 bytes) @ 0x000000011eedc9fc [0x000000011eedbe40+0xbbc]
J 4999 C1 javafx.event.Event.fireEvent(Ljavafx/event/EventTarget;Ljavafx/event/Event;)V (35 bytes) @ 0x000000011f45c92c [0x000000011f45c860+0xcc]
j  javafx.scene.Node.fireEvent(Ljavafx/event/Event;)V+86
j  javafx.scene.control.Button.fire()V+15
j  com.sun.javafx.scene.control.behavior.ButtonBehavior.mouseReleased(Ljavafx/scene/input/MouseEvent;)V+23
J 6224 C1 com.sun.javafx.scene.control.skin.BehaviorSkinBase$1.handle(Ljavafx/scene/input/MouseEvent;)V (121 bytes) @ 0x000000011e975ffc [0x000000011e975be0+0x41c]
J 6223 C1 com.sun.javafx.scene.control.skin.BehaviorSkinBase$1.handle(Ljavafx/event/Event;)V (9 bytes) @ 0x000000011ef4dbac [0x000000011ef4da40+0x16c]
J 5261 C2 com.sun.javafx.event.EventHandlerManager.dispatchBubblingEvent(Ljavafx/event/Event;)Ljavafx/event/Event; (23 bytes) @ 0x000000011f52378c [0x000000011f523420+0x36c]
J 6222 C2 com.sun.javafx.event.CompositeEventDispatcher.dispatchBubblingEvent(Ljavafx/event/Event;)Ljavafx/event/Event; (35 bytes) @ 0x000000011e78588c [0x000000011e785820+0x6c]
J 5324 C2 com.sun.javafx.event.BasicEventDispatcher.dispatchEvent(Ljavafx/event/Event;Ljavafx/event/EventDispatchChain;)Ljavafx/event/Event; (44 bytes) @ 0x000000011f54b970 [0x000000011f54b840+0x130]
J 5324 C2 com.sun.javafx.event.BasicEventDispatcher.dispatchEvent(Ljavafx/event/Event;Ljavafx/event/EventDispatchChain;)Ljavafx/event/Event; (44 bytes) @ 0x000000011f54b92c [0x000000011f54b840+0xec]
J 5324 C2 com.sun.javafx.event.BasicEventDispatcher.dispatchEvent(Ljavafx/event/Event;Ljavafx/event/EventDispatchChain;)Ljavafx/event/Event; (44 bytes) @ 0x000000011f54b92c [0x000000011f54b840+0xec]
J 8585 C2 javafx.scene.Scene$MouseHandler.process(Ljavafx/scene/input/MouseEvent;Z)V (735 bytes) @ 0x000000011fd422f4 [0x000000011fd41200+0x10f4]
J 4833 C1 javafx.scene.Scene$ScenePeerListener.mouseEvent(Ljavafx/event/EventType;DDDDLjavafx/scene/input/MouseButton;ZZZZZZZZZ)V (50 bytes) @ 0x000000011eadcf74 [0x000000011eadcca0+0x2d4]
J 4828 C1 com.sun.javafx.tk.quantum.GlassViewEventHandler$MouseEventNotification.run()Ljava/lang/Void; (567 bytes) @ 0x000000011efff31c [0x000000011effe540+0xddc]
J 4827 C1 com.sun.javafx.tk.quantum.GlassViewEventHandler$MouseEventNotification.run()Ljava/lang/Object; (5 bytes) @ 0x000000011f0da80c [0x000000011f0da780+0x8c]
v  ~StubRoutines::call_stub
J 1591  java.security.AccessController.doPrivileged(Ljava/security/PrivilegedAction;Ljava/security/AccessControlContext;)Ljava/lang/Object; (0 bytes) @ 0x000000011eb86363 [0x000000011eb86300+0x63]
J 3429 C1 com.sun.javafx.tk.quantum.GlassViewEventHandler$$Lambda$187.get()Ljava/lang/Object; (8 bytes) @ 0x000000011edba124 [0x000000011edb9f40+0x1e4]
J 5149 C2 com.sun.javafx.tk.quantum.QuantumToolkit.runWithoutRenderLock(Ljava/util/function/Supplier;)Ljava/lang/Object; (49 bytes) @ 0x000000011f4d5428 [0x000000011f4d53c0+0x68]
J 3426 C1 com.sun.javafx.tk.quantum.GlassViewEventHandler.handleMouseEvent(Lcom/sun/glass/ui/View;JIIIIIIIZZ)V (108 bytes) @ 0x000000011ebeae24 [0x000000011ebeaa00+0x424]
J 2685 C1 com.sun.glass.ui.View.notifyMouse(IIIIIIIZZ)V (221 bytes) @ 0x000000011ea8eafc [0x000000011ea8da20+0x10dc]
v  ~StubRoutines::call_stub

---------------  P R O C E S S  ---------------

Java Threads: ( => current thread )
  0x00007f9cf6157800 JavaThread "Java2D Disposer" daemon [_thread_blocked, id=100099, stack(0x0000700003a83000,0x0000700003b83000)]
  0x00007f9cf1ff5000 JavaThread "Java2D Queue Flusher" daemon [_thread_blocked, id=99847, stack(0x0000700003980000,0x0000700003a80000)]
  0x00007f9cef35f800 JavaThread "pool-2-thread-1" [_thread_in_native, id=98307, stack(0x00007000037fa000,0x00007000038fa000)]
  0x00007f9cf1eb7800 JavaThread "Prism Font Disposer" daemon [_thread_blocked, id=55867, stack(0x0000700003468000,0x0000700003568000)]
  0x00007f9ceeadc800 JavaThread "JavaCPP Deallocator" daemon [_thread_blocked, id=53763, stack(0x0000700002e47000,0x0000700002f47000)]
  0x00007f9cf40cb800 JavaThread "mysql-cj-abandoned-connection-cleanup" daemon [_thread_blocked, id=53539, stack(0x0000700002d44000,0x0000700002e44000)]
  0x00007f9cf18e8800 JavaThread "JavaFX-Launcher" [_thread_blocked, id=52743, stack(0x0000700002c41000,0x0000700002d41000)]
  0x00007f9cf18cc800 JavaThread "Thread-3" daemon [_thread_in_native, id=44803, stack(0x0000700002b3b000,0x0000700002bbb000)]
=>0x00007f9cf40c7800 JavaThread "JavaFX Application Thread" [_thread_in_native, id=775, stack(0x00007ffedfdeb000,0x00007ffee05eb000)]
  0x00007f9cf40c6800 JavaThread "Thread-1" daemon [_thread_blocked, id=27139, stack(0x000070000259d000,0x000070000269d000)]
  0x00007f9cf1087800 JavaThread "QuantumRenderer-0" daemon [_thread_blocked, id=22531, stack(0x000070000249a000,0x000070000259a000)]
  0x00007f9cef001000 JavaThread "Service Thread" daemon [_thread_blocked, id=21763, stack(0x0000700002294000,0x0000700002394000)]
  0x00007f9cf3800000 JavaThread "C1 CompilerThread3" daemon [_thread_blocked, id=16131, stack(0x0000700002191000,0x0000700002291000)]
  0x00007f9cf3000000 JavaThread "C2 CompilerThread2" daemon [_thread_blocked, id=16643, stack(0x000070000208e000,0x000070000218e000)]
  0x00007f9cf181e000 JavaThread "C2 CompilerThread1" daemon [_thread_blocked, id=16899, stack(0x0000700001f8b000,0x000070000208b000)]
  0x00007f9cf2035000 JavaThread "C2 CompilerThread0" daemon [_thread_blocked, id=15107, stack(0x0000700001e88000,0x0000700001f88000)]
  0x00007f9cf2034000 JavaThread "Signal Dispatcher" daemon [_thread_blocked, id=17411, stack(0x0000700001d85000,0x0000700001e85000)]
  0x00007f9cf202d800 JavaThread "Finalizer" daemon [_thread_blocked, id=13571, stack(0x0000700001c82000,0x0000700001d82000)]
  0x00007f9cf202a800 JavaThread "Reference Handler" daemon [_thread_blocked, id=18947, stack(0x0000700001b7f000,0x0000700001c7f000)]
  0x00007f9cf1801800 JavaThread "main" [_thread_blocked, id=9987, stack(0x0000700000f5b000,0x000070000105b000)]

Other Threads:
  0x00007f9cf1019000 VMThread [stack: 0x0000700001a7c000,0x0000700001b7c000] [id=13059]
  0x00007f9cf280a000 WatcherThread [stack: 0x0000700002397000,0x0000700002497000] [id=43267]

VM state:not at safepoint (normal execution)

VM Mutex/Monitor currently owned by a thread: None

Heap:
 PSYoungGen      total 346624K, used 49196K [0x000000076ab00000, 0x0000000787b00000, 0x00000007c0000000)
  eden space 237568K, 8% used [0x000000076ab00000,0x000000076bf63fd8,0x0000000779300000)
  from space 109056K, 25% used [0x0000000781080000,0x0000000782c27080,0x0000000787b00000)
  to   space 118784K, 0% used [0x0000000779300000,0x0000000779300000,0x0000000780700000)
 ParOldGen       total 644608K, used 575558K [0x00000006c0000000, 0x00000006e7580000, 0x000000076ab00000)
  object space 644608K, 89% used [0x00000006c0000000,0x00000006e3211968,0x00000006e7580000)
 Metaspace       used 50474K, capacity 52006K, committed 52224K, reserved 1095680K
  class space    used 6004K, capacity 6338K, committed 6400K, reserved 1048576K

Card table byte_map: [0x0000000112361000,0x0000000112b62000] byte_map_base: 0x000000010ed61000

Marking Bits: (ParMarkBitMap*) 0x00000001118efd20
 Begin Bits: [0x00000001130b8000, 0x00000001170b8000)
 End Bits:   [0x00000001170b8000, 0x000000011b0b8000)

Polling page: 0x000000010f697000

CodeCache: size=245760Kb used=24036Kb max_used=24066Kb free=221723Kb
 bounds [0x000000011e5f1000, 0x000000011fda1000, 0x000000012d5f1000]
 total_blobs=8983 nmethods=7392 adapters=1500
 compilation: enabled

Compilation events (10 events):
Event: 320.838 Thread 0x00007f9cf181e000 8751       4       com.sun.javafx.scene.EnteredExitedHandler::dispatchBubblingEvent (204 bytes)
Event: 320.844 Thread 0x00007f9cf181e000 nmethod 8751 0x000000011ebbded0 code [0x000000011ebbe080, 0x000000011ebbe4f8]
Event: 321.031 Thread 0x00007f9cf2035000 8752       4       org.opencv.core.Mat::finalize (12 bytes)
Event: 321.031 Thread 0x00007f9cf2035000 nmethod 8752 0x000000011fbcacd0 code [0x000000011fbcae20, 0x000000011fbcaea8]
Event: 321.046 Thread 0x00007f9cf3000000 8753       4       com.sun.glass.ui.mac.MacApplication::_invokeLater (24 bytes)
Event: 321.070 Thread 0x00007f9cf3000000 nmethod 8753 0x000000011ef94810 code [0x000000011ef94a20, 0x000000011ef95310]
Event: 321.570 Thread 0x00007f9cf181e000 8754   !   4       java.util.concurrent.ThreadPoolExecutor::getTask (179 bytes)
Event: 321.659 Thread 0x00007f9cf181e000 nmethod 8754 0x000000011fd79590 code [0x000000011fd799e0, 0x000000011fd7ba18]
Event: 324.570 Thread 0x00007f9cf2035000 8755       4       sun.java2d.DefaultDisposerRecord::dispose (12 bytes)
Event: 324.571 Thread 0x00007f9cf2035000 nmethod 8755 0x000000011fcaf010 code [0x000000011fcaf160, 0x000000011fcaf1e8]

GC Heap History (10 events):
Event: 311.789 GC heap before
{Heap before GC invocations=151 (full 7):
 PSYoungGen      total 329728K, used 317369K [0x000000076ab00000, 0x0000000787b80000, 0x00000007c0000000)
  eden space 226304K, 100% used [0x000000076ab00000,0x0000000778800000,0x0000000778800000)
  from space 103424K, 88% used [0x0000000778800000,0x000000077e0ee5f8,0x000000077ed00000)
  to   space 119808K, 0% used [0x0000000780680000,0x0000000780680000,0x0000000787b80000)
 ParOldGen       total 644608K, used 553271K [0x00000006c0000000, 0x00000006e7580000, 0x000000076ab00000)
  object space 644608K, 85% used [0x00000006c0000000,0x00000006e1c4dfe0,0x00000006e7580000)
 Metaspace       used 50458K, capacity 52006K, committed 52224K, reserved 1095680K
  class space    used 6004K, capacity 6338K, committed 6400K, reserved 1048576K
Event: 311.840 GC heap after
Heap after GC invocations=151 (full 7):
 PSYoungGen      total 332800K, used 118514K [0x000000076ab00000, 0x000000078b080000, 0x00000007c0000000)
  eden space 212992K, 0% used [0x000000076ab00000,0x000000076ab00000,0x0000000777b00000)
  from space 119808K, 98% used [0x0000000780680000,0x0000000787a3caf0,0x0000000787b80000)
  to   space 142848K, 0% used [0x0000000777b00000,0x0000000777b00000,0x0000000780680000)
 ParOldGen       total 644608K, used 575406K [0x00000006c0000000, 0x00000006e7580000, 0x000000076ab00000)
  object space 644608K, 89% used [0x00000006c0000000,0x00000006e31eb968,0x00000006e7580000)
 Metaspace       used 50458K, capacity 52006K, committed 52224K, reserved 1095680K
  class space    used 6004K, capacity 6338K, committed 6400K, reserved 1048576K
}
Event: 314.772 GC heap before
{Heap before GC invocations=152 (full 7):
 PSYoungGen      total 332800K, used 329759K [0x000000076ab00000, 0x000000078b080000, 0x00000007c0000000)
  eden space 212992K, 99% used [0x000000076ab00000,0x000000077794b388,0x0000000777b00000)
  from space 119808K, 98% used [0x0000000780680000,0x0000000787a3caf0,0x0000000787b80000)
  to   space 142848K, 0% used [0x0000000777b00000,0x0000000777b00000,0x0000000780680000)
 ParOldGen       total 644608K, used 575406K [0x00000006c0000000, 0x00000006e7580000, 0x000000076ab00000)
  object space 644608K, 89% used [0x00000006c0000000,0x00000006e31eb968,0x00000006e7580000)
 Metaspace       used 50474K, capacity 52006K, committed 52224K, reserved 1095680K
  class space    used 6004K, capacity 6338K, committed 6400K, reserved 1048576K
Event: 314.777 GC heap after
Heap after GC invocations=152 (full 7):
 PSYoungGen      total 355840K, used 9933K [0x000000076ab00000, 0x0000000789680000, 0x00000007c0000000)
  eden space 212992K, 0% used [0x000000076ab00000,0x000000076ab00000,0x0000000777b00000)
  from space 142848K, 6% used [0x0000000777b00000,0x00000007784b36d0,0x0000000780680000)
  to   space 137728K, 0% used [0x0000000781000000,0x0000000781000000,0x0000000789680000)
 ParOldGen       total 644608K, used 575446K [0x00000006c0000000, 0x00000006e7580000, 0x000000076ab00000)
  object space 644608K, 89% used [0x00000006c0000000,0x00000006e31f5968,0x00000006e7580000)
 Metaspace       used 50474K, capacity 52006K, committed 52224K, reserved 1095680K
  class space    used 6004K, capacity 6338K, committed 6400K, reserved 1048576K
}
Event: 317.757 GC heap before
{Heap before GC invocations=153 (full 7):
 PSYoungGen      total 355840K, used 222165K [0x000000076ab00000, 0x0000000789680000, 0x00000007c0000000)
  eden space 212992K, 99% used [0x000000076ab00000,0x0000000777a420f0,0x0000000777b00000)
  from space 142848K, 6% used [0x0000000777b00000,0x00000007784b36d0,0x0000000780680000)
  to   space 137728K, 0% used [0x0000000781000000,0x0000000781000000,0x0000000789680000)
 ParOldGen       total 644608K, used 575446K [0x00000006c0000000, 0x00000006e7580000, 0x000000076ab00000)
  object space 644608K, 89% used [0x00000006c0000000,0x00000006e31f5968,0x00000006e7580000)
 Metaspace       used 50474K, capacity 52006K, committed 52224K, reserved 1095680K
  class space    used 6004K, capacity 6338K, committed 6400K, reserved 1048576K
Event: 317.761 GC heap after
Heap after GC invocations=153 (full 7):
 PSYoungGen      total 354304K, used 3888K [0x000000076ab00000, 0x0000000788d00000, 0x00000007c0000000)
  eden space 226304K, 0% used [0x000000076ab00000,0x000000076ab00000,0x0000000778800000)
  from space 128000K, 3% used [0x0000000781000000,0x00000007813cc010,0x0000000788d00000)
  to   space 133632K, 0% used [0x0000000778800000,0x0000000778800000,0x0000000780a80000)
 ParOldGen       total 644608K, used 575486K [0x00000006c0000000, 0x00000006e7580000, 0x000000076ab00000)
  object space 644608K, 89% used [0x00000006c0000000,0x00000006e31ff968,0x00000006e7580000)
 Metaspace       used 50474K, capacity 52006K, committed 52224K, reserved 1095680K
  class space    used 6004K, capacity 6338K, committed 6400K, reserved 1048576K
}
Event: 321.023 GC heap before
{Heap before GC invocations=154 (full 7):
 PSYoungGen      total 354304K, used 228958K [0x000000076ab00000, 0x0000000788d00000, 0x00000007c0000000)
  eden space 226304K, 99% used [0x000000076ab00000,0x00000007786cba48,0x0000000778800000)
  from space 128000K, 3% used [0x0000000781000000,0x00000007813cc010,0x0000000788d00000)
  to   space 133632K, 0% used [0x0000000778800000,0x0000000778800000,0x0000000780a80000)
 ParOldGen       total 644608K, used 575486K [0x00000006c0000000, 0x00000006e7580000, 0x000000076ab00000)
  object space 644608K, 89% used [0x00000006c0000000,0x00000006e31ff968,0x00000006e7580000)
 Metaspace       used 50474K, capacity 52006K, committed 52224K, reserved 1095680K
  class space    used 6004K, capacity 6338K, committed 6400K, reserved 1048576K
Event: 321.027 GC heap after
Heap after GC invocations=154 (full 7):
 PSYoungGen      total 359936K, used 14752K [0x000000076ab00000, 0x0000000788d00000, 0x00000007c0000000)
  eden space 226304K, 0% used [0x000000076ab00000,0x000000076ab00000,0x0000000778800000)
  from space 133632K, 11% used [0x0000000778800000,0x0000000779668040,0x0000000780a80000)
  to   space 127488K, 0% used [0x0000000781080000,0x0000000781080000,0x0000000788d00000)
 ParOldGen       total 644608K, used 575494K [0x00000006c0000000, 0x00000006e7580000, 0x000000076ab00000)
  object space 644608K, 89% used [0x00000006c0000000,0x00000006e3201968,0x00000006e7580000)
 Metaspace       used 50474K, capacity 52006K, committed 52224K, reserved 1095680K
  class space    used 6004K, capacity 6338K, committed 6400K, reserved 1048576K
}
Event: 324.564 GC heap before
{Heap before GC invocations=155 (full 7):
 PSYoungGen      total 359936K, used 239920K [0x000000076ab00000, 0x0000000788d00000, 0x00000007c0000000)
  eden space 226304K, 99% used [0x000000076ab00000,0x00000007786e42e0,0x0000000778800000)
  from space 133632K, 11% used [0x0000000778800000,0x0000000779668040,0x0000000780a80000)
  to   space 127488K, 0% used [0x0000000781080000,0x0000000781080000,0x0000000788d00000)
 ParOldGen       total 644608K, used 575494K [0x00000006c0000000, 0x00000006e7580000, 0x000000076ab00000)
  object space 644608K, 89% used [0x00000006c0000000,0x00000006e3201968,0x00000006e7580000)
 Metaspace       used 50474K, capacity 52006K, committed 52224K, reserved 1095680K
  class space    used 6004K, capacity 6338K, committed 6400K, reserved 1048576K
Event: 324.570 GC heap after
Heap after GC invocations=155 (full 7):
 PSYoungGen      total 346624K, used 28316K [0x000000076ab00000, 0x0000000787b00000, 0x00000007c0000000)
  eden space 237568K, 0% used [0x000000076ab00000,0x000000076ab00000,0x0000000779300000)
  from space 109056K, 25% used [0x0000000781080000,0x0000000782c27080,0x0000000787b00000)
  to   space 118784K, 0% used [0x0000000779300000,0x0000000779300000,0x0000000780700000)
 ParOldGen       total 644608K, used 575558K [0x00000006c0000000, 0x00000006e7580000, 0x000000076ab00000)
  object space 644608K, 89% used [0x00000006c0000000,0x00000006e3211968,0x00000006e7580000)
 Metaspace       used 50474K, capacity 52006K, committed 52224K, reserved 1095680K
  class space    used 6004K, capacity 6338K, committed 6400K, reserved 1048576K
}

Deoptimization events (10 events):
Event: 278.927 Thread 0x00007f9cf40c7800 Uncommon trap: reason=class_check action=maybe_recompile pc=0x000000011f009910 method=java.io.DataInputStream.read([BII)I @ 7
Event: 278.928 Thread 0x00007f9cf40c7800 Uncommon trap: reason=class_check action=maybe_recompile pc=0x000000011f009910 method=java.io.DataInputStream.read([BII)I @ 7
Event: 278.928 Thread 0x00007f9cf40c7800 Uncommon trap: reason=class_check action=maybe_recompile pc=0x000000011f009910 method=java.io.DataInputStream.read([BII)I @ 7
Event: 278.928 Thread 0x00007f9cf40c7800 Uncommon trap: reason=class_check action=maybe_recompile pc=0x000000011f009910 method=java.io.DataInputStream.read([BII)I @ 7
Event: 288.783 Thread 0x00007f9cf1087800 Uncommon trap: reason=predicate action=maybe_recompile pc=0x000000011f28536c method=java.util.TimSort.binarySort([Ljava/lang/Object;IIILjava/util/Comparator;)V @ 37
Event: 301.728 Thread 0x00007f9cf40c7800 Uncommon trap: reason=unstable_if action=reinterpret pc=0x000000011e8e0470 method=java.util.ArrayList.rangeCheck(I)V @ 5
Event: 312.012 Thread 0x00007f9cf1087800 Uncommon trap: reason=array_check action=maybe_recompile pc=0x000000011f3f5f8c method=java.util.TimSort.binarySort([Ljava/lang/Object;IIILjava/util/Comparator;)V @ 193
Event: 312.012 Thread 0x00007f9cf1087800 Uncommon trap: reason=array_check action=maybe_recompile pc=0x000000011f3f6078 method=java.util.TimSort.binarySort([Ljava/lang/Object;IIILjava/util/Comparator;)V @ 183
Event: 312.013 Thread 0x00007f9cf1087800 Uncommon trap: reason=array_check action=maybe_recompile pc=0x000000011f3f5ea4 method=java.util.TimSort.binarySort([Ljava/lang/Object;IIILjava/util/Comparator;)V @ 215
Event: 312.013 Thread 0x00007f9cf1087800 Uncommon trap: reason=array_check action=maybe_recompile pc=0x000000011f3f5f8c method=java.util.TimSort.binarySort([Ljava/lang/Object;IIILjava/util/Comparator;)V @ 193

Internal exceptions (10 events):
Event: 246.877 Thread 0x00007f9cf40c7800 Exception <a 'java/io/FileNotFoundException'> (0x000000076dc0b1d8) thrown at [/Users/java_re/workspace/8-2-build-macosx-x86_64/jdk8u111/7883/hotspot/src/share/vm/prims/jni.cpp, line 709]
Event: 268.348 Thread 0x00007f9cf40c7800 Exception <a 'java/io/FileNotFoundException'> (0x0000000771fc5778) thrown at [/Users/java_re/workspace/8-2-build-macosx-x86_64/jdk8u111/7883/hotspot/src/share/vm/prims/jni.cpp, line 709]
Event: 268.358 Thread 0x00007f9cf40c7800 Exception <a 'java/io/FileNotFoundException'> (0x0000000771fcf458) thrown at [/Users/java_re/workspace/8-2-build-macosx-x86_64/jdk8u111/7883/hotspot/src/share/vm/prims/jni.cpp, line 709]
Event: 278.922 Thread 0x00007f9cf40c7800 Exception <a 'java/io/FileNotFoundException'> (0x000000076b83e2d8) thrown at [/Users/java_re/workspace/8-2-build-macosx-x86_64/jdk8u111/7883/hotspot/src/share/vm/prims/jni.cpp, line 709]
Event: 284.400 Thread 0x00007f9cf40c7800 Exception <a 'java/io/FileNotFoundException'> (0x00000007747b49d0) thrown at [/Users/java_re/workspace/8-2-build-macosx-x86_64/jdk8u111/7883/hotspot/src/share/vm/prims/jni.cpp, line 709]
Event: 284.409 Thread 0x00007f9cf40c7800 Exception <a 'java/io/FileNotFoundException'> (0x00000007747be498) thrown at [/Users/java_re/workspace/8-2-build-macosx-x86_64/jdk8u111/7883/hotspot/src/share/vm/prims/jni.cpp, line 709]
Event: 301.728 Thread 0x00007f9cf40c7800 Exception <a 'java/lang/reflect/InvocationTargetException'> (0x000000076b2b7268) thrown at [/Users/java_re/workspace/8-2-build-macosx-x86_64/jdk8u111/7883/hotspot/src/share/vm/runtime/reflection.cpp, line 1092]
Event: 301.729 Thread 0x00007f9cf40c7800 Exception <a 'java/lang/RuntimeException'> (0x000000076b2b7a58) thrown at [/Users/java_re/workspace/8-2-build-macosx-x86_64/jdk8u111/7883/hotspot/src/share/vm/prims/jvm.cpp, line 1390]
Event: 307.377 Thread 0x00007f9cf40c7800 Exception <a 'java/io/FileNotFoundException'> (0x00000007707ea2b0) thrown at [/Users/java_re/workspace/8-2-build-macosx-x86_64/jdk8u111/7883/hotspot/src/share/vm/prims/jni.cpp, line 709]
Event: 307.387 Thread 0x00007f9cf40c7800 Exception <a 'java/io/FileNotFoundException'> (0x00000007707f3d68) thrown at [/Users/java_re/workspace/8-2-build-macosx-x86_64/jdk8u111/7883/hotspot/src/share/vm/prims/jni.cpp, line 709]

Events (10 events):
Event: 312.726 Thread 0x00007f9cf6d9e800 Thread exited: 0x00007f9cf6d9e800
Event: 313.726 Thread 0x00007f9cf47d4800 Thread exited: 0x00007f9cf47d4800
Event: 314.772 Executing VM operation: ParallelGCFailedAllocation
Event: 314.777 Executing VM operation: ParallelGCFailedAllocation done
Event: 317.757 Executing VM operation: ParallelGCFailedAllocation
Event: 317.761 Executing VM operation: ParallelGCFailedAllocation done
Event: 321.023 Executing VM operation: ParallelGCFailedAllocation
Event: 321.027 Executing VM operation: ParallelGCFailedAllocation done
Event: 324.564 Executing VM operation: ParallelGCFailedAllocation
Event: 324.570 Executing VM operation: ParallelGCFailedAllocation done


Dynamic libraries:
0x0000000026de2000 	/System/Library/Frameworks/Cocoa.framework/Versions/A/Cocoa
0x0000000026de2000 	/System/Library/Frameworks/Security.framework/Versions/A/Security
0x0000000026de2000 	/System/Library/Frameworks/ApplicationServices.framework/Versions/A/ApplicationServices
0x0000000026de2000 	/usr/lib/libz.1.dylib
0x0000000026de2000 	/usr/lib/libSystem.B.dylib
0x0000000026de2000 	/usr/lib/libobjc.A.dylib
0x0000000026de2000 	/System/Library/Frameworks/CoreFoundation.framework/Versions/A/CoreFoundation
0x0000000026de2000 	/System/Library/Frameworks/Foundation.framework/Versions/C/Foundation
0x0000000026de2000 	/System/Library/Frameworks/AppKit.framework/Versions/C/AppKit
0x0000000026de2000 	/System/Library/Frameworks/CoreData.framework/Versions/A/CoreData
0x0000000026de2000 	/System/Library/PrivateFrameworks/RemoteViewServices.framework/Versions/A/RemoteViewServices
0x0000000026de2000 	/System/Library/PrivateFrameworks/UIFoundation.framework/Versions/A/UIFoundation
0x0000000026de2000 	/System/Library/PrivateFrameworks/XCTTargetBootstrap.framework/Versions/A/XCTTargetBootstrap
0x0000000026de2000 	/System/Library/Frameworks/CoreDisplay.framework/Versions/A/CoreDisplay
0x0000000026de2000 	/System/Library/PrivateFrameworks/IconServices.framework/Versions/A/IconServices
0x0000000026de2000 	/System/Library/Frameworks/Metal.framework/Versions/A/Metal
0x0000000026de2000 	/System/Library/PrivateFrameworks/DesktopServicesPriv.framework/Versions/A/DesktopServicesPriv
0x0000000026de2000 	/usr/lib/libenergytrace.dylib
0x0000000026de2000 	/System/Library/PrivateFrameworks/SkyLight.framework/Versions/A/SkyLight
0x0000000026de2000 	/System/Library/Frameworks/CoreGraphics.framework/Versions/A/CoreGraphics
0x0000000026de2000 	/System/Library/Frameworks/Accelerate.framework/Versions/A/Accelerate
0x0000000026de2000 	/System/Library/Frameworks/IOSurface.framework/Versions/A/IOSurface
0x0000000026de2000 	/System/Library/PrivateFrameworks/DFRFoundation.framework/Versions/A/DFRFoundation
0x0000000026de2000 	/System/Library/Frameworks/AudioToolbox.framework/Versions/A/AudioToolbox
0x0000000026de2000 	/System/Library/Frameworks/AudioUnit.framework/Versions/A/AudioUnit
0x0000000026de2000 	/System/Library/PrivateFrameworks/DataDetectorsCore.framework/Versions/A/DataDetectorsCore
0x0000000026de2000 	/System/Library/Frameworks/Carbon.framework/Versions/A/Frameworks/HIToolbox.framework/Versions/A/HIToolbox
0x0000000026de2000 	/usr/lib/libicucore.A.dylib
0x0000000026de2000 	/System/Library/Frameworks/QuartzCore.framework/Versions/A/QuartzCore
0x0000000026de2000 	/System/Library/Frameworks/Carbon.framework/Versions/A/Frameworks/SpeechRecognition.framework/Versions/A/SpeechRecognition
0x0000000026de2000 	/usr/lib/libauto.dylib
0x0000000026de2000 	/usr/lib/libxml2.2.dylib
0x0000000026de2000 	/System/Library/PrivateFrameworks/CoreUI.framework/Versions/A/CoreUI
0x0000000026de2000 	/System/Library/Frameworks/CoreAudio.framework/Versions/A/CoreAudio
0x0000000026de2000 	/System/Library/Frameworks/DiskArbitration.framework/Versions/A/DiskArbitration
0x0000000026de2000 	/usr/lib/liblangid.dylib
0x0000000026de2000 	/System/Library/PrivateFrameworks/MultitouchSupport.framework/Versions/A/MultitouchSupport
0x0000000026de2000 	/System/Library/Frameworks/IOKit.framework/Versions/A/IOKit
0x0000000026de2000 	/usr/lib/libDiagnosticMessagesClient.dylib
0x0000000026de2000 	/System/Library/Frameworks/CoreServices.framework/Versions/A/CoreServices
0x0000000026de2000 	/System/Library/PrivateFrameworks/PerformanceAnalysis.framework/Versions/A/PerformanceAnalysis
0x0000000026de2000 	/System/Library/Frameworks/OpenGL.framework/Versions/A/OpenGL
0x0000000026de2000 	/System/Library/Frameworks/ColorSync.framework/Versions/A/ColorSync
0x0000000026de2000 	/System/Library/Frameworks/CoreImage.framework/Versions/A/CoreImage
0x0000000026de2000 	/System/Library/Frameworks/CoreText.framework/Versions/A/CoreText
0x0000000026de2000 	/System/Library/Frameworks/ImageIO.framework/Versions/A/ImageIO
0x0000000026de2000 	/System/Library/PrivateFrameworks/Backup.framework/Versions/A/Backup
0x0000000026de2000 	/usr/lib/libarchive.2.dylib
0x0000000026de2000 	/System/Library/Frameworks/CFNetwork.framework/Versions/A/CFNetwork
0x0000000026de2000 	/System/Library/Frameworks/SystemConfiguration.framework/Versions/A/SystemConfiguration
0x0000000026de2000 	/usr/lib/libCRFSuite.dylib
0x0000000026de2000 	/usr/lib/libc++.1.dylib
0x0000000026de2000 	/usr/lib/libc++abi.dylib
0x0000000026de2000 	/usr/lib/system/libcache.dylib
0x0000000026de2000 	/usr/lib/system/libcommonCrypto.dylib
0x0000000026de2000 	/usr/lib/system/libcompiler_rt.dylib
0x0000000026de2000 	/usr/lib/system/libcopyfile.dylib
0x0000000026de2000 	/usr/lib/system/libcorecrypto.dylib
0x0000000026de2000 	/usr/lib/system/libdispatch.dylib
0x0000000026de2000 	/usr/lib/system/libdyld.dylib
0x0000000026de2000 	/usr/lib/system/libkeymgr.dylib
0x0000000026de2000 	/usr/lib/system/liblaunch.dylib
0x0000000026de2000 	/usr/lib/system/libmacho.dylib
0x0000000026de2000 	/usr/lib/system/libquarantine.dylib
0x0000000026de2000 	/usr/lib/system/libremovefile.dylib
0x0000000026de2000 	/usr/lib/system/libsystem_asl.dylib
0x0000000026de2000 	/usr/lib/system/libsystem_blocks.dylib
0x0000000026de2000 	/usr/lib/system/libsystem_c.dylib
0x0000000026de2000 	/usr/lib/system/libsystem_configuration.dylib
0x0000000026de2000 	/usr/lib/system/libsystem_coreservices.dylib
0x0000000026de2000 	/usr/lib/system/libsystem_darwin.dylib
0x0000000026de2000 	/usr/lib/system/libsystem_dnssd.dylib
0x0000000026de2000 	/usr/lib/system/libsystem_info.dylib
0x0000000026de2000 	/usr/lib/system/libsystem_m.dylib
0x0000000026de2000 	/usr/lib/system/libsystem_malloc.dylib
0x0000000026de2000 	/usr/lib/system/libsystem_networkextension.dylib
0x0000000026de2000 	/usr/lib/system/libsystem_notify.dylib
0x0000000026de2000 	/usr/lib/system/libsystem_sandbox.dylib
0x0000000026de2000 	/usr/lib/system/libsystem_secinit.dylib
0x0000000026de2000 	/usr/lib/system/libsystem_kernel.dylib
0x0000000026de2000 	/usr/lib/system/libsystem_platform.dylib
0x0000000026de2000 	/usr/lib/system/libsystem_pthread.dylib
0x0000000026de2000 	/usr/lib/system/libsystem_symptoms.dylib
0x0000000026de2000 	/usr/lib/system/libsystem_trace.dylib
0x0000000026de2000 	/usr/lib/system/libunwind.dylib
0x0000000026de2000 	/usr/lib/system/libxpc.dylib
0x0000000026de2000 	/usr/lib/libbsm.0.dylib
0x0000000026de2000 	/usr/lib/system/libkxld.dylib
0x0000000026de2000 	/System/Library/PrivateFrameworks/AppleFSCompression.framework/Versions/A/AppleFSCompression
0x0000000026de2000 	/usr/lib/libOpenScriptingUtil.dylib
0x0000000026de2000 	/usr/lib/libcoretls.dylib
0x0000000026de2000 	/usr/lib/libcoretls_cfhelpers.dylib
0x0000000026de2000 	/usr/lib/libpam.2.dylib
0x0000000026de2000 	/usr/lib/libsqlite3.dylib
0x0000000026de2000 	/usr/lib/libxar.1.dylib
0x0000000026de2000 	/usr/lib/libbz2.1.0.dylib
0x0000000026de2000 	/usr/lib/liblzma.5.dylib
0x0000000026de2000 	/usr/lib/libnetwork.dylib
0x0000000026de2000 	/usr/lib/libapple_nghttp2.dylib
0x0000000026de2000 	/usr/lib/libpcap.A.dylib
0x0000000026de2000 	/System/Library/Frameworks/CoreServices.framework/Versions/A/Frameworks/FSEvents.framework/Versions/A/FSEvents
0x0000000026de2000 	/System/Library/Frameworks/CoreServices.framework/Versions/A/Frameworks/CarbonCore.framework/Versions/A/CarbonCore
0x0000000026de2000 	/System/Library/Frameworks/CoreServices.framework/Versions/A/Frameworks/Metadata.framework/Versions/A/Metadata
0x0000000026de2000 	/System/Library/Frameworks/CoreServices.framework/Versions/A/Frameworks/OSServices.framework/Versions/A/OSServices
0x0000000026de2000 	/System/Library/Frameworks/CoreServices.framework/Versions/A/Frameworks/SearchKit.framework/Versions/A/SearchKit
0x0000000026de2000 	/System/Library/Frameworks/CoreServices.framework/Versions/A/Frameworks/AE.framework/Versions/A/AE
0x0000000026de2000 	/System/Library/Frameworks/CoreServices.framework/Versions/A/Frameworks/LaunchServices.framework/Versions/A/LaunchServices
0x0000000026de2000 	/System/Library/Frameworks/CoreServices.framework/Versions/A/Frameworks/DictionaryServices.framework/Versions/A/DictionaryServices
0x0000000026de2000 	/System/Library/Frameworks/CoreServices.framework/Versions/A/Frameworks/SharedFileList.framework/Versions/A/SharedFileList
0x0000000026de2000 	/System/Library/Frameworks/NetFS.framework/Versions/A/NetFS
0x0000000026de2000 	/System/Library/PrivateFrameworks/NetAuth.framework/Versions/A/NetAuth
0x0000000026de2000 	/System/Library/PrivateFrameworks/login.framework/Versions/A/Frameworks/loginsupport.framework/Versions/A/loginsupport
0x0000000026de2000 	/System/Library/PrivateFrameworks/TCC.framework/Versions/A/TCC
0x0000000026de2000 	/System/Library/PrivateFrameworks/CoreNLP.framework/Versions/A/CoreNLP
0x0000000026de2000 	/System/Library/PrivateFrameworks/MetadataUtilities.framework/Versions/A/MetadataUtilities
0x0000000026de2000 	/usr/lib/libmecabra.dylib
0x0000000026de2000 	/System/Library/Frameworks/ApplicationServices.framework/Versions/A/Frameworks/ATS.framework/Versions/A/ATS
0x0000000026de2000 	/System/Library/Frameworks/ApplicationServices.framework/Versions/A/Frameworks/ColorSyncLegacy.framework/Versions/A/ColorSyncLegacy
0x0000000026de2000 	/System/Library/Frameworks/ApplicationServices.framework/Versions/A/Frameworks/HIServices.framework/Versions/A/HIServices
0x0000000026de2000 	/System/Library/Frameworks/ApplicationServices.framework/Versions/A/Frameworks/LangAnalysis.framework/Versions/A/LangAnalysis
0x0000000026de2000 	/System/Library/Frameworks/ApplicationServices.framework/Versions/A/Frameworks/PrintCore.framework/Versions/A/PrintCore
0x0000000026de2000 	/System/Library/Frameworks/ApplicationServices.framework/Versions/A/Frameworks/QD.framework/Versions/A/QD
0x0000000026de2000 	/System/Library/Frameworks/ApplicationServices.framework/Versions/A/Frameworks/SpeechSynthesis.framework/Versions/A/SpeechSynthesis
0x0000000026de2000 	/usr/lib/libcompression.dylib
0x0000000026de2000 	/System/Library/Frameworks/MetalPerformanceShaders.framework/Versions/A/MetalPerformanceShaders
0x0000000026de2000 	/System/Library/Frameworks/Accelerate.framework/Versions/A/Frameworks/vImage.framework/Versions/A/vImage
0x0000000026de2000 	/System/Library/Frameworks/Accelerate.framework/Versions/A/Frameworks/vecLib.framework/Versions/A/vecLib
0x0000000026de2000 	/System/Library/Frameworks/Accelerate.framework/Versions/A/Frameworks/vecLib.framework/Versions/A/libvMisc.dylib
0x0000000026de2000 	/System/Library/Frameworks/Accelerate.framework/Versions/A/Frameworks/vecLib.framework/Versions/A/libvDSP.dylib
0x0000000026de2000 	/System/Library/Frameworks/Accelerate.framework/Versions/A/Frameworks/vecLib.framework/Versions/A/libBLAS.dylib
0x0000000026de2000 	/System/Library/Frameworks/Accelerate.framework/Versions/A/Frameworks/vecLib.framework/Versions/A/libLAPACK.dylib
0x0000000026de2000 	/System/Library/Frameworks/Accelerate.framework/Versions/A/Frameworks/vecLib.framework/Versions/A/libLinearAlgebra.dylib
0x0000000026de2000 	/System/Library/Frameworks/Accelerate.framework/Versions/A/Frameworks/vecLib.framework/Versions/A/libSparseBLAS.dylib
0x0000000026de2000 	/System/Library/Frameworks/Accelerate.framework/Versions/A/Frameworks/vecLib.framework/Versions/A/libQuadrature.dylib
0x0000000026de2000 	/System/Library/Frameworks/Accelerate.framework/Versions/A/Frameworks/vecLib.framework/Versions/A/libBNNS.dylib
0x0000000026de2000 	/System/Library/Frameworks/Accelerate.framework/Versions/A/Frameworks/vecLib.framework/Versions/A/libSparse.dylib
0x0000000026de2000 	/System/Library/PrivateFrameworks/GPUWrangler.framework/Versions/A/GPUWrangler
0x0000000026de2000 	/System/Library/PrivateFrameworks/IOAccelerator.framework/Versions/A/IOAccelerator
0x0000000026de2000 	/System/Library/PrivateFrameworks/IOPresentment.framework/Versions/A/IOPresentment
0x0000000026de2000 	/System/Library/PrivateFrameworks/DSExternalDisplay.framework/Versions/A/DSExternalDisplay
0x0000000026de2000 	/System/Library/Frameworks/OpenGL.framework/Versions/A/Libraries/libCoreFSCache.dylib
0x0000000026de2000 	/System/Library/Frameworks/MetalPerformanceShaders.framework/Frameworks/MPSCore.framework/Versions/A/MPSCore
0x0000000026de2000 	/System/Library/Frameworks/MetalPerformanceShaders.framework/Frameworks/MPSImage.framework/Versions/A/MPSImage
0x0000000026de2000 	/System/Library/Frameworks/MetalPerformanceShaders.framework/Frameworks/MPSNeuralNetwork.framework/Versions/A/MPSNeuralNetwork
0x0000000026de2000 	/System/Library/Frameworks/MetalPerformanceShaders.framework/Frameworks/MPSMatrix.framework/Versions/A/MPSMatrix
0x0000000026de2000 	/System/Library/Frameworks/MetalPerformanceShaders.framework/Frameworks/MPSRayIntersector.framework/Versions/A/MPSRayIntersector
0x0000000026de2000 	/System/Library/PrivateFrameworks/MetalTools.framework/Versions/A/MetalTools
0x0000000026de2000 	/System/Library/PrivateFrameworks/AggregateDictionary.framework/Versions/A/AggregateDictionary
0x0000000026de2000 	/usr/lib/libMobileGestalt.dylib
0x0000000026de2000 	/System/Library/Frameworks/CoreVideo.framework/Versions/A/CoreVideo
0x0000000026de2000 	/System/Library/PrivateFrameworks/GraphVisualizer.framework/Versions/A/GraphVisualizer
0x0000000026de2000 	/System/Library/PrivateFrameworks/FaceCore.framework/Versions/A/FaceCore
0x0000000026de2000 	/System/Library/Frameworks/OpenCL.framework/Versions/A/OpenCL
0x0000000026de2000 	/usr/lib/libFosl_dynamic.dylib
0x0000000026de2000 	/System/Library/PrivateFrameworks/OTSVG.framework/Versions/A/OTSVG
0x0000000026de2000 	/System/Library/Frameworks/ApplicationServices.framework/Versions/A/Frameworks/ATS.framework/Versions/A/Resources/libFontParser.dylib
0x0000000026de2000 	/System/Library/Frameworks/ApplicationServices.framework/Versions/A/Frameworks/ATS.framework/Versions/A/Resources/libFontRegistry.dylib
0x0000000026de2000 	/System/Library/Frameworks/ImageIO.framework/Versions/A/Resources/libJPEG.dylib
0x0000000026de2000 	/System/Library/Frameworks/ImageIO.framework/Versions/A/Resources/libTIFF.dylib
0x0000000026de2000 	/System/Library/Frameworks/ImageIO.framework/Versions/A/Resources/libPng.dylib
0x0000000026de2000 	/System/Library/Frameworks/ImageIO.framework/Versions/A/Resources/libGIF.dylib
0x0000000026de2000 	/System/Library/Frameworks/ImageIO.framework/Versions/A/Resources/libJP2.dylib
0x0000000026de2000 	/System/Library/Frameworks/ImageIO.framework/Versions/A/Resources/libRadiance.dylib
0x0000000026de2000 	/System/Library/PrivateFrameworks/AppleJPEG.framework/Versions/A/AppleJPEG
0x0000000026de2000 	/System/Library/Frameworks/OpenGL.framework/Versions/A/Libraries/libGFXShared.dylib
0x0000000026de2000 	/System/Library/Frameworks/OpenGL.framework/Versions/A/Libraries/libGLU.dylib
0x0000000026de2000 	/System/Library/Frameworks/OpenGL.framework/Versions/A/Libraries/libGL.dylib
0x0000000026de2000 	/System/Library/Frameworks/OpenGL.framework/Versions/A/Libraries/libGLImage.dylib
0x0000000026de2000 	/System/Library/Frameworks/OpenGL.framework/Versions/A/Libraries/libCVMSPluginSupport.dylib
0x0000000026de2000 	/System/Library/Frameworks/OpenGL.framework/Versions/A/Libraries/libCoreVMClient.dylib
0x0000000026de2000 	/usr/lib/libcups.2.dylib
0x0000000026de2000 	/System/Library/Frameworks/Kerberos.framework/Versions/A/Kerberos
0x0000000026de2000 	/System/Library/Frameworks/GSS.framework/Versions/A/GSS
0x0000000026de2000 	/usr/lib/libresolv.9.dylib
0x0000000026de2000 	/usr/lib/libiconv.2.dylib
0x0000000026de2000 	/System/Library/PrivateFrameworks/Heimdal.framework/Versions/A/Heimdal
0x0000000026de2000 	/usr/lib/libheimdal-asn1.dylib
0x0000000026de2000 	/System/Library/Frameworks/OpenDirectory.framework/Versions/A/OpenDirectory
0x0000000026de2000 	/System/Library/PrivateFrameworks/CommonAuth.framework/Versions/A/CommonAuth
0x0000000026de2000 	/System/Library/Frameworks/OpenDirectory.framework/Versions/A/Frameworks/CFOpenDirectory.framework/Versions/A/CFOpenDirectory
0x0000000026de2000 	/System/Library/Frameworks/SecurityFoundation.framework/Versions/A/SecurityFoundation
0x0000000026de2000 	/System/Library/PrivateFrameworks/APFS.framework/Versions/A/APFS
0x0000000026de2000 	/usr/lib/libutil.dylib
0x0000000026de2000 	/usr/lib/libcharset.1.dylib
0x0000000026de2000 	/System/Library/PrivateFrameworks/AppleSauce.framework/Versions/A/AppleSauce
0x0000000026de2000 	/System/Library/PrivateFrameworks/AssertionServices.framework/Versions/A/AssertionServices
0x0000000026de2000 	/System/Library/PrivateFrameworks/BaseBoard.framework/Versions/A/BaseBoard
0x0000000026de2000 	/usr/lib/libmecab.1.0.0.dylib
0x0000000026de2000 	/usr/lib/libgermantok.dylib
0x0000000026de2000 	/usr/lib/libThaiTokenizer.dylib
0x0000000026de2000 	/usr/lib/libChineseTokenizer.dylib
0x0000000026de2000 	/System/Library/PrivateFrameworks/LanguageModeling.framework/Versions/A/LanguageModeling
0x0000000026de2000 	/System/Library/PrivateFrameworks/CoreEmoji.framework/Versions/A/CoreEmoji
0x0000000026de2000 	/System/Library/PrivateFrameworks/Lexicon.framework/Versions/A/Lexicon
0x0000000026de2000 	/System/Library/PrivateFrameworks/LinguisticData.framework/Versions/A/LinguisticData
0x0000000026de2000 	/usr/lib/libcmph.dylib
0x0000000026de2000 	/System/Library/Frameworks/ServiceManagement.framework/Versions/A/ServiceManagement
0x0000000026de2000 	/System/Library/PrivateFrameworks/BackgroundTaskManagement.framework/Versions/A/BackgroundTaskManagement
0x0000000026de2000 	/usr/lib/libxslt.1.dylib
0x0000000026de2000 	/System/Library/Frameworks/Carbon.framework/Versions/A/Frameworks/Ink.framework/Versions/A/Ink
0x0000000026de2000 	/System/Library/PrivateFrameworks/TextureIO.framework/Versions/A/TextureIO
0x0000000026de2000 	/usr/lib/libate.dylib
0x0000000026de2000 	/System/Library/PrivateFrameworks/CrashReporterSupport.framework/Versions/A/CrashReporterSupport
0x0000000026de2000 	/System/Library/PrivateFrameworks/Sharing.framework/Versions/A/Sharing
0x0000000026de2000 	/System/Library/PrivateFrameworks/AuthKit.framework/Versions/A/AuthKit
0x0000000026de2000 	/System/Library/PrivateFrameworks/Apple80211.framework/Versions/A/Apple80211
0x0000000026de2000 	/System/Library/PrivateFrameworks/CoreUtils.framework/Versions/A/CoreUtils
0x0000000026de2000 	/System/Library/Frameworks/CoreWLAN.framework/Versions/A/CoreWLAN
0x0000000026de2000 	/System/Library/Frameworks/IOBluetooth.framework/Versions/A/IOBluetooth
0x0000000026de2000 	/System/Library/PrivateFrameworks/ProtocolBuffer.framework/Versions/A/ProtocolBuffer
0x0000000026de2000 	/System/Library/PrivateFrameworks/MobileKeyBag.framework/Versions/A/MobileKeyBag
0x0000000026de2000 	/System/Library/PrivateFrameworks/CorePhoneNumbers.framework/Versions/A/CorePhoneNumbers
0x0000000026de2000 	/System/Library/PrivateFrameworks/AppleIDAuthSupport.framework/Versions/A/AppleIDAuthSupport
0x0000000026de2000 	/System/Library/PrivateFrameworks/KeychainCircle.framework/Versions/A/KeychainCircle
0x0000000026de2000 	/System/Library/PrivateFrameworks/ROCKit.framework/Versions/A/ROCKit
0x0000000026de2000 	/System/Library/PrivateFrameworks/CoreWiFi.framework/Versions/A/CoreWiFi
0x0000000026de2000 	/System/Library/Frameworks/CoreBluetooth.framework/Versions/A/CoreBluetooth
0x0000000026de2000 	/System/Library/PrivateFrameworks/DebugSymbols.framework/Versions/A/DebugSymbols
0x0000000026de2000 	/System/Library/PrivateFrameworks/CoreSymbolication.framework/Versions/A/CoreSymbolication
0x0000000026de2000 	/System/Library/PrivateFrameworks/Symbolication.framework/Versions/A/Symbolication
0x0000000026de2000 	/System/Library/PrivateFrameworks/SpeechRecognitionCore.framework/Versions/A/SpeechRecognitionCore
0x0000000026de2000 	/System/Library/CoreServices/Encodings/libSimplifiedChineseConverter.dylib
0x0000000111000000 	/Library/Java/JavaVirtualMachines/jdk1.8.0_111.jdk/Contents/Home/jre/lib/server/libjvm.dylib
0x0000000026de2000 	/usr/lib/libstdc++.6.dylib
0x000000010f654000 	/Library/Java/JavaVirtualMachines/jdk1.8.0_111.jdk/Contents/Home/jre/lib/libverify.dylib
0x000000010f662000 	/Library/Java/JavaVirtualMachines/jdk1.8.0_111.jdk/Contents/Home/jre/lib/libjava.dylib
0x000000010f6e1000 	/Library/Java/JavaVirtualMachines/jdk1.8.0_111.jdk/Contents/Home/jre/lib/libzip.dylib
0x0000000026de2000 	/System/Library/Frameworks/JavaVM.framework/Versions/A/Frameworks/JavaRuntimeSupport.framework/Versions/A/JavaRuntimeSupport
0x0000000026de2000 	/System/Library/Frameworks/JavaVM.framework/Versions/A/Frameworks/JavaNativeFoundation.framework/Versions/A/JavaNativeFoundation
0x0000000026de2000 	/System/Library/Frameworks/JavaVM.framework/Versions/A/JavaVM
0x0000000026de2000 	/System/Library/Frameworks/Carbon.framework/Versions/A/Carbon
0x0000000026de2000 	/System/Library/PrivateFrameworks/JavaLaunching.framework/Versions/A/JavaLaunching
0x0000000026de2000 	/System/Library/Frameworks/Carbon.framework/Versions/A/Frameworks/CommonPanels.framework/Versions/A/CommonPanels
0x0000000026de2000 	/System/Library/Frameworks/Carbon.framework/Versions/A/Frameworks/Help.framework/Versions/A/Help
0x0000000026de2000 	/System/Library/Frameworks/Carbon.framework/Versions/A/Frameworks/ImageCapture.framework/Versions/A/ImageCapture
0x0000000026de2000 	/System/Library/Frameworks/Carbon.framework/Versions/A/Frameworks/OpenScripting.framework/Versions/A/OpenScripting
0x0000000026de2000 	/System/Library/Frameworks/Carbon.framework/Versions/A/Frameworks/Print.framework/Versions/A/Print
0x0000000026de2000 	/System/Library/Frameworks/Carbon.framework/Versions/A/Frameworks/SecurityHI.framework/Versions/A/SecurityHI
0x000000012f304000 	/Library/Java/JavaVirtualMachines/jdk1.8.0_111.jdk/Contents/Home/jre/lib/libprism_es2.dylib
0x0000000026de2000 	/System/Library/PrivateFrameworks/CoreServicesInternal.framework/Versions/A/CoreServicesInternal
0x0000000026de2000 	/System/Library/Frameworks/OpenGL.framework/Versions/A/Resources/GLEngine.bundle/GLEngine
0x0000000026de2000 	/System/Library/Frameworks/OpenGL.framework/Versions/A/Libraries/libGLProgrammability.dylib
0x0000000026de2000 	/System/Library/Extensions/AppleIntelKBLGraphicsGLDriver.bundle/Contents/MacOS/AppleIntelKBLGraphicsGLDriver
0x0000000026de2000 	/System/Library/PrivateFrameworks/GPUSupport.framework/Versions/A/Libraries/libGPUSupportMercury.dylib
0x000000012f860000 	/System/Library/Extensions/AMDRadeonX4000GLDriver.bundle/Contents/MacOS/AMDRadeonX4000GLDriver
0x0000000026de2000 	/System/Library/Extensions/AMDRadeonX4000GLDriver.bundle/Contents/MacOS/ATIRadeonX4000SCLib.dylib
0x0000000026de2000 	/System/Library/Frameworks/OpenGL.framework/Versions/A/Resources/GLRendererFloat.bundle/GLRendererFloat
0x0000000026de2000 	/System/Library/Frameworks/OpenCL.framework/Versions/A/Libraries/libcldcpuengine.dylib
0x0000000026de2000 	/usr/lib/libcrypto.35.dylib
0x0000000026de2000 	/System/Library/PrivateFrameworks/TrustEvaluationAgent.framework/Versions/A/TrustEvaluationAgent
0x000000012f9d7000 	/Library/Java/JavaVirtualMachines/jdk1.8.0_111.jdk/Contents/Home/jre/lib/libglass.dylib
0x0000000026de2000 	/System/Library/CoreServices/RawCamera.bundle/Contents/MacOS/RawCamera
0x0000000026de2000 	/System/Library/PrivateFrameworks/MobileAsset.framework/Versions/A/MobileAsset
0x0000000026de2000 	/System/Library/PrivateFrameworks/StreamingZip.framework/Versions/A/StreamingZip
0x0000000026de2000 	/System/Library/Frameworks/MediaToolbox.framework/Versions/A/MediaToolbox
0x0000000026de2000 	/System/Library/PrivateFrameworks/CoreAVCHD.framework/Versions/A/CoreAVCHD
0x0000000026de2000 	/System/Library/Frameworks/MediaAccessibility.framework/Versions/A/MediaAccessibility
0x0000000026de2000 	/System/Library/PrivateFrameworks/Mangrove.framework/Versions/A/Mangrove
0x0000000026de2000 	/System/Library/Frameworks/CoreMedia.framework/Versions/A/CoreMedia
0x0000000026de2000 	/System/Library/Frameworks/VideoToolbox.framework/Versions/A/VideoToolbox
0x0000000026de2000 	/System/Library/PrivateFrameworks/CoreAUC.framework/Versions/A/CoreAUC
0x0000000026de2000 	/usr/lib/libspindump.dylib
0x0000000026de2000 	/System/Library/PrivateFrameworks/AppleVA.framework/Versions/A/AppleVA
0x0000000026de2000 	/System/Library/Frameworks/Accelerate.framework/Versions/A/Frameworks/vImage.framework/Versions/A/Libraries/libCGInterfaces.dylib
0x0000000026de2000 	/System/Library/PrivateFrameworks/FamilyControls.framework/Versions/A/FamilyControls
0x0000000026de2000 	/System/Library/PrivateFrameworks/CommerceKit.framework/Versions/A/Frameworks/CommerceCore.framework/Versions/A/CommerceCore
0x0000000026de2000 	/System/Library/PrivateFrameworks/SystemAdministration.framework/Versions/A/SystemAdministration
0x0000000026de2000 	/System/Library/PrivateFrameworks/AppContainer.framework/Versions/A/AppContainer
0x0000000026de2000 	/System/Library/PrivateFrameworks/AppSandbox.framework/Versions/A/AppSandbox
0x0000000026de2000 	/System/Library/PrivateFrameworks/SecCodeWrapper.framework/Versions/A/SecCodeWrapper
0x0000000026de2000 	/usr/lib/libsandbox.1.dylib
0x0000000026de2000 	/usr/lib/libMatch.1.dylib
0x0000000026de2000 	/System/Library/PrivateFrameworks/DiskManagement.framework/Versions/A/DiskManagement
0x0000000026de2000 	/System/Library/Frameworks/DirectoryService.framework/Versions/A/DirectoryService
0x0000000026de2000 	/System/Library/PrivateFrameworks/DiskImages.framework/Versions/A/DiskImages
0x0000000026de2000 	/System/Library/PrivateFrameworks/LoginUIKit.framework/Versions/A/Frameworks/LoginUICore.framework/Versions/A/LoginUICore
0x0000000026de2000 	/usr/lib/libCoreStorage.dylib
0x0000000026de2000 	/usr/lib/libcsfde.dylib
0x0000000026de2000 	/usr/lib/libodfde.dylib
0x0000000026de2000 	/System/Library/PrivateFrameworks/MediaKit.framework/Versions/A/MediaKit
0x0000000026de2000 	/System/Library/Frameworks/DiscRecording.framework/Versions/A/DiscRecording
0x0000000026de2000 	/System/Library/PrivateFrameworks/EFILogin.framework/Versions/A/EFILogin
0x0000000026de2000 	/System/Library/PrivateFrameworks/ProtectedCloudStorage.framework/Versions/A/ProtectedCloudStorage
0x0000000026de2000 	/usr/lib/libcurl.4.dylib
0x0000000026de2000 	/usr/lib/libcrypto.42.dylib
0x0000000026de2000 	/usr/lib/libssl.44.dylib
0x0000000026de2000 	/System/Library/Frameworks/LDAP.framework/Versions/A/LDAP
0x0000000026de2000 	/usr/lib/libsasl2.2.dylib
0x0000000026de2000 	/System/Library/PrivateFrameworks/CoreDaemon.framework/Versions/B/CoreDaemon
0x0000000026de2000 	/System/Library/PrivateFrameworks/AppleSRP.framework/Versions/A/AppleSRP
0x0000000026de2000 	/System/Library/PrivateFrameworks/ViewBridge.framework/Versions/A/ViewBridge
0x000000012f855000 	/usr/lib/libobjc-trampolines.dylib
0x0000000131e81000 	/Users/cloudyboat/Desktop/Java/teamProject/newBuild/opencv-3.4.7/build/lib/libopencv_java347.dylib
0x00000001320a9000 	/Users/cloudyboat/Desktop/Java/teamProject/newBuild/opencv-3.4.7/build/lib/libopencv_xphoto.3.4.dylib
0x0000000130a8d000 	/Users/cloudyboat/Desktop/Java/teamProject/newBuild/opencv-3.4.7/build/lib/libopencv_img_hash.3.4.dylib
0x0000000130c80000 	/Users/cloudyboat/Desktop/Java/teamProject/newBuild/opencv-3.4.7/build/lib/libopencv_structured_light.3.4.dylib
0x000000013216b000 	/Users/cloudyboat/Desktop/Java/teamProject/newBuild/opencv-3.4.7/build/lib/libopencv_xfeatures2d.3.4.dylib
0x0000000132472000 	/Users/cloudyboat/Desktop/Java/teamProject/newBuild/opencv-3.4.7/build/lib/libopencv_ximgproc.3.4.dylib
0x00000001326db000 	/Users/cloudyboat/Desktop/Java/teamProject/newBuild/opencv-3.4.7/build/lib/libopencv_aruco.3.4.dylib
0x0000000130c9d000 	/Users/cloudyboat/Desktop/Java/teamProject/newBuild/opencv-3.4.7/build/lib/libopencv_bgsegm.3.4.dylib
0x0000000132751000 	/Users/cloudyboat/Desktop/Java/teamProject/newBuild/opencv-3.4.7/build/lib/libopencv_bioinspired.3.4.dylib
0x000000013279a000 	/Users/cloudyboat/Desktop/Java/teamProject/newBuild/opencv-3.4.7/build/lib/libopencv_face.3.4.dylib
0x0000000132862000 	/Users/cloudyboat/Desktop/Java/teamProject/newBuild/opencv-3.4.7/build/lib/libopencv_tracking.3.4.dylib
0x0000000130aa4000 	/Users/cloudyboat/Desktop/Java/teamProject/newBuild/opencv-3.4.7/build/lib/libopencv_phase_unwrapping.3.4.dylib
0x0000000132a92000 	/Users/cloudyboat/Desktop/Java/teamProject/newBuild/opencv-3.4.7/build/lib/libopencv_shape.3.4.dylib
0x0000000132ac7000 	/Users/cloudyboat/Desktop/Java/teamProject/newBuild/opencv-3.4.7/build/lib/libopencv_photo.3.4.dylib
0x0000000132ba8000 	/Users/cloudyboat/Desktop/Java/teamProject/newBuild/opencv-3.4.7/build/lib/libopencv_objdetect.3.4.dylib
0x0000000132c2d000 	/Users/cloudyboat/Desktop/Java/teamProject/newBuild/opencv-3.4.7/build/lib/libopencv_calib3d.3.4.dylib
0x0000000132e24000 	/Users/cloudyboat/Desktop/Java/teamProject/newBuild/opencv-3.4.7/build/lib/libopencv_plot.3.4.dylib
0x0000000132e2f000 	/Users/cloudyboat/Desktop/Java/teamProject/newBuild/opencv-3.4.7/build/lib/libopencv_video.3.4.dylib
0x0000000132e9a000 	/Users/cloudyboat/Desktop/Java/teamProject/newBuild/opencv-3.4.7/build/lib/libopencv_datasets.3.4.dylib
0x0000000132ef8000 	/Users/cloudyboat/Desktop/Java/teamProject/newBuild/opencv-3.4.7/build/lib/libopencv_text.3.4.dylib
0x000000013303f000 	/Users/cloudyboat/Desktop/Java/teamProject/newBuild/opencv-3.4.7/build/lib/libopencv_ml.3.4.dylib
0x0000000133112000 	/Users/cloudyboat/Desktop/Java/teamProject/newBuild/opencv-3.4.7/build/lib/libopencv_dnn.3.4.dylib
0x00000001334f1000 	/Users/cloudyboat/Desktop/Java/teamProject/newBuild/opencv-3.4.7/build/lib/libopencv_features2d.3.4.dylib
0x00000001335be000 	/Users/cloudyboat/Desktop/Java/teamProject/newBuild/opencv-3.4.7/build/lib/libopencv_flann.3.4.dylib
0x0000000133628000 	/Users/cloudyboat/Desktop/Java/teamProject/newBuild/opencv-3.4.7/build/lib/libopencv_highgui.3.4.dylib
0x000000013363e000 	/Users/cloudyboat/Desktop/Java/teamProject/newBuild/opencv-3.4.7/build/lib/libopencv_videoio.3.4.dylib
0x0000000133681000 	/Users/cloudyboat/Desktop/Java/teamProject/newBuild/opencv-3.4.7/build/lib/libopencv_imgcodecs.3.4.dylib
0x0000000133a1c000 	/Users/cloudyboat/Desktop/Java/teamProject/newBuild/opencv-3.4.7/build/lib/libopencv_imgproc.3.4.dylib
0x0000000135990000 	/Users/cloudyboat/Desktop/Java/teamProject/newBuild/opencv-3.4.7/build/lib/libopencv_core.3.4.dylib
0x0000000026de2000 	/System/Library/Frameworks/AVFoundation.framework/Versions/A/AVFoundation
0x0000000026de2000 	/System/Library/Frameworks/AVFoundation.framework/Versions/A/Frameworks/AVFAudio.framework/Versions/A/AVFAudio
0x0000000026de2000 	/System/Library/PrivateFrameworks/InternationalSupport.framework/Versions/A/InternationalSupport
0x0000000026de2000 	/System/Library/Frameworks/CoreMediaIO.framework/Versions/A/CoreMediaIO
0x0000000026de2000 	/System/Library/PrivateFrameworks/RemoteServiceDiscovery.framework/Versions/A/RemoteServiceDiscovery
0x0000000026de2000 	/System/Library/PrivateFrameworks/RemoteXPC.framework/Versions/A/RemoteXPC
0x00000001370e3000 	/Library/Java/JavaVirtualMachines/jdk1.8.0_111.jdk/Contents/Home/jre/lib/libjavafx_iio.dylib
0x0000000130a69000 	/Library/Java/JavaVirtualMachines/jdk1.8.0_111.jdk/Contents/Home/jre/lib/libjavafx_font.dylib
0x0000000026de2000 	/System/Library/Frameworks/ApplicationServices.framework/Versions/A/Frameworks/ATS.framework/Versions/A/Resources/libTrueTypeScaler.dylib
0x0000000136abc000 	/Library/Java/JavaVirtualMachines/jdk1.8.0_111.jdk/Contents/Home/jre/lib/libnet.dylib
0x0000000136b24000 	/Library/Java/JavaVirtualMachines/jdk1.8.0_111.jdk/Contents/Home/jre/lib/libsunec.dylib
0x0000000136af7000 	/Library/Java/JavaVirtualMachines/jdk1.8.0_111.jdk/Contents/Home/jre/lib/libnio.dylib
0x00000001380da000 	/Users/cloudyboat/.javacpp/cache/openblas-macosx-x86_64.jar/org/bytedeco/openblas/macosx-x86_64/libopenblas_nolapack.dylib
0x0000000136b4c000 	/Users/cloudyboat/.javacpp/cache/openblas-macosx-x86_64.jar/org/bytedeco/openblas/macosx-x86_64/libjniopenblas_nolapack.dylib
0x00000001462d3000 	/Users/cloudyboat/.javacpp/cache/openblas-macosx-x86_64.jar/org/bytedeco/openblas/macosx-x86_64/libopenblas.dylib
0x00000001542cc000 	/Users/cloudyboat/.javacpp/cache/openblas-macosx-x86_64.jar/org/bytedeco/openblas/macosx-x86_64/libjniopenblas.dylib
0x000000015514f000 	/Users/cloudyboat/.javacpp/cache/opencv-macosx-x86_64.jar/org/bytedeco/opencv/macosx-x86_64/libopencv_core.4.1.dylib
0x0000000155544000 	/Users/cloudyboat/.javacpp/cache/opencv-macosx-x86_64.jar/org/bytedeco/opencv/macosx-x86_64/libopencv_imgproc.4.1.dylib
0x0000000137b5f000 	/Users/cloudyboat/.javacpp/cache/opencv-macosx-x86_64.jar/org/bytedeco/opencv/macosx-x86_64/libjniopencv_core.dylib
0x0000000155e12000 	/Users/cloudyboat/.javacpp/cache/opencv-macosx-x86_64.jar/org/bytedeco/opencv/macosx-x86_64/libjniopencv_imgproc.dylib
0x0000000155f85000 	/Users/cloudyboat/.javacpp/cache/opencv-macosx-x86_64.jar/org/bytedeco/opencv/macosx-x86_64/libopencv_imgcodecs.4.1.dylib
0x0000000137121000 	/Users/cloudyboat/.javacpp/cache/opencv-macosx-x86_64.jar/org/bytedeco/opencv/macosx-x86_64/libjniopencv_imgcodecs.dylib
0x0000000137a32000 	/Users/cloudyboat/.javacpp/cache/opencv-macosx-x86_64.jar/org/bytedeco/opencv/macosx-x86_64/libopencv_videoio.4.1.dylib
0x0000000136b07000 	/Users/cloudyboat/.javacpp/cache/opencv-macosx-x86_64.jar/org/bytedeco/opencv/macosx-x86_64/libjniopencv_videoio.dylib
0x0000000136ff7000 	/Users/cloudyboat/.javacpp/cache/opencv-macosx-x86_64.jar/org/bytedeco/opencv/macosx-x86_64/libopencv_highgui.4.1.dylib
0x0000000137a75000 	/Users/cloudyboat/.javacpp/cache/opencv-macosx-x86_64.jar/org/bytedeco/opencv/macosx-x86_64/libjniopencv_highgui.dylib
0x0000000137b03000 	/Users/cloudyboat/.javacpp/cache/opencv-macosx-x86_64.jar/org/bytedeco/opencv/macosx-x86_64/libopencv_flann.4.1.dylib
0x0000000137068000 	/Users/cloudyboat/.javacpp/cache/opencv-macosx-x86_64.jar/org/bytedeco/opencv/macosx-x86_64/libjniopencv_flann.dylib
0x0000000155a77000 	/Users/cloudyboat/.javacpp/cache/opencv-macosx-x86_64.jar/org/bytedeco/opencv/macosx-x86_64/libopencv_features2d.4.1.dylib
0x00000001562c0000 	/Users/cloudyboat/.javacpp/cache/opencv-macosx-x86_64.jar/org/bytedeco/opencv/macosx-x86_64/libjniopencv_features2d.dylib
0x00000001563f7000 	/Users/cloudyboat/.javacpp/cache/opencv-macosx-x86_64.jar/org/bytedeco/opencv/macosx-x86_64/libopencv_calib3d.4.1.dylib
0x00000001566ec000 	/Users/cloudyboat/.javacpp/cache/opencv-macosx-x86_64.jar/org/bytedeco/opencv/macosx-x86_64/libjniopencv_calib3d.dylib
0x0000000155d5c000 	/Users/cloudyboat/.javacpp/cache/opencv-macosx-x86_64.jar/org/bytedeco/opencv/macosx-x86_64/libopencv_objdetect.4.1.dylib
0x0000000156659000 	/Users/cloudyboat/.javacpp/cache/opencv-macosx-x86_64.jar/org/bytedeco/opencv/macosx-x86_64/libjniopencv_objdetect.dylib
0x00000001567bc000 	/Users/cloudyboat/.javacpp/cache/opencv-macosx-x86_64.jar/org/bytedeco/opencv/macosx-x86_64/libopencv_photo.4.1.dylib
0x000000015632e000 	/Users/cloudyboat/.javacpp/cache/opencv-macosx-x86_64.jar/org/bytedeco/opencv/macosx-x86_64/libjniopencv_photo.dylib
0x00000001569bd000 	/Users/cloudyboat/.javacpp/cache/opencv-macosx-x86_64.jar/org/bytedeco/opencv/macosx-x86_64/libopencv_face.4.1.dylib
0x00000001375e9000 	/Users/cloudyboat/.javacpp/cache/opencv-macosx-x86_64.jar/org/bytedeco/opencv/macosx-x86_64/libjniopencv_face.dylib
0x0000000026de2000 	/System/Library/Extensions/AppleIntelKBLGraphicsMTLDriver.bundle/Contents/MacOS/AppleIntelKBLGraphicsMTLDriver
0x0000000026de2000 	/System/Library/Extensions/AMDMTLBronzeDriver.bundle/Contents/MacOS/AMDMTLBronzeDriver
0x0000000026de2000 	/System/Library/PrivateFrameworks/IOAccelMemoryInfo.framework/Versions/A/IOAccelMemoryInfo
0x0000000155b36000 	/Library/Java/JavaVirtualMachines/jdk1.8.0_111.jdk/Contents/Home/jre/lib/libprism_common.dylib
0x0000000026de2000 	/System/Library/PrivateFrameworks/GPUCompiler.framework/Versions/3902/Libraries/libmetal_timestamp.dylib
0x000000015aaf1000 	/System/Library/Frameworks/CoreMediaIO.framework/Resources/VDC.plugin/Contents/MacOS/VDC
0x000000015d89f000 	/System/Library/Frameworks/CoreMediaIO.framework/Resources/CMIOUnits.bundle/Contents/MacOS/CMIOUnits
0x0000000026de2000 	/System/Library/PrivateFrameworks/FWAVC.framework/Versions/A/FWAVC
0x000000015ab4e000 	/System/Library/Frameworks/CoreMediaIO.framework/Resources/BaseUnits/CMIOBaseUnits.bundle/Contents/MacOS/CMIOBaseUnits
0x0000000026de2000 	/System/Library/PrivateFrameworks/AppleGVA.framework/Versions/A/AppleGVA
0x0000000162e51000 	/Library/Java/JavaVirtualMachines/jdk1.8.0_111.jdk/Contents/Home/jre/lib/libawt.dylib
0x0000000162ef9000 	/Library/Java/JavaVirtualMachines/jdk1.8.0_111.jdk/Contents/Home/jre/lib/./libmlib_image.dylib
0x0000000162fc5000 	/Library/Java/JavaVirtualMachines/jdk1.8.0_111.jdk/Contents/Home/jre/lib/libawt_lwawt.dylib
0x0000000130c5e000 	/Library/Java/JavaVirtualMachines/jdk1.8.0_111.jdk/Contents/Home/jre/lib/./libosxapp.dylib
0x0000000026de2000 	/System/Library/Frameworks/ExceptionHandling.framework/Versions/A/ExceptionHandling
0x0000000167034000 	/private/var/folders/fr/46nntpm51tg8v6bt75ybmzp40000gn/T/libio_grpc_netty_shaded_netty_tcnative_osx_x86_643244167954342163549.dylib
0x0000000157b21000 	/Library/Java/JavaVirtualMachines/jdk1.8.0_111.jdk/Contents/Home/jre/lib/libmanagement.dylib

VM Arguments:
jvm_args: -Djava.library.path=/Users/cloudyboat/Desktop/Java/teamProject/newBuild/opencv-3.4.7/build/lib -Dfile.encoding=UTF-8 
java_command: application.FaceDetection
java_class_path (initial): /Users/cloudyboat/.m2/repository/com/fasterxml/jackson/core/jackson-core/2.9.9/jackson-core-2.9.9.jar:/Users/cloudyboat/.m2/repository/com/google/android/annotations/4.1.1.4/annotations-4.1.1.4.jar:/Users/cloudyboat/.m2/repository/com/google/api/grpc/proto-google-cloud-vision-v1/1.80.1/proto-google-cloud-vision-v1-1.80.1.jar:/Users/cloudyboat/.m2/repository/com/google/api/grpc/proto-google-cloud-vision-v1p1beta1/0.81.1/proto-google-cloud-vision-v1p1beta1-0.81.1.jar:/Users/cloudyboat/.m2/repository/com/google/api/grpc/proto-google-cloud-vision-v1p2beta1/1.80.1/proto-google-cloud-vision-v1p2beta1-1.80.1.jar:/Users/cloudyboat/.m2/repository/com/google/api/grpc/proto-google-cloud-vision-v1p3beta1/0.81.1/proto-google-cloud-vision-v1p3beta1-0.81.1.jar:/Users/cloudyboat/.m2/repository/com/google/api/grpc/proto-google-cloud-vision-v1p4beta1/0.81.1/proto-google-cloud-vision-v1p4beta1-0.81.1.jar:/Users/cloudyboat/.m2/repository/com/google/api/grpc/proto-google-common-protos/1.17.0/proto-google-common-protos-1.17.0.jar:/Users/cloudyboat/.m2/repository/com/google/api/api-common/1.8.1/api-common-1.8.1.jar:/Users/cloudyboat/.m2/repository/com/google/api/gax/1.50.1/gax-1.50.1.jar:/Users/cloudyboat/.m2/repository/com/google/api/gax-grpc/1.50.1/gax-grpc-1.50.1.jar:/Users/cloudyboat/.m2/repository/com/google/auth/google-auth-library-credentials/0.18.0/google-auth-library-credentials-0.18.0.jar:/Users/cloudyboat/.m2/repository/com/google/auth/google-auth-library-oauth2-http/0.18.0/google-auth-library-oauth2-http-0.18.0.jar:/Users/cloudyboat/.m2/repository/com/google/auto/value/auto-value-annotations/1.6.6/auto-value-annotations-1.6.6.jar:/Users/cloudyboat/.m2/repository/com/google/cloud/google-cloud-vision/1.98.1/google-cloud-vision-1.98.1.jar:/Users/cloudyboat/.m2/repository/com/google/code/findbugs/jsr305/3.0.2/jsr305-3.0.2.jar:/Users/cloudyboat/.m2/repository/com/google/code/gson/gson/2.8.5/gson-2.8.5.jar:/Users/cloudyboat/.m2/repository/com/google/erro
Launcher Type: SUN_STANDARD

Environment Variables:
PATH=/usr/bin:/bin:/usr/sbin:/sbin
SHELL=/bin/bash

Signal Handlers:
SIGSEGV: [libjvm.dylib+0x5b03ed], sa_mask[0]=11111111011111110111111111111111, sa_flags=SA_ONSTACK|SA_RESTART|SA_SIGINFO
SIGBUS: [libjvm.dylib+0x5b03ed], sa_mask[0]=11111111011111110111111111111111, sa_flags=SA_RESTART|SA_SIGINFO
SIGFPE: [libjvm.dylib+0x48711c], sa_mask[0]=11111111011111110111111111111111, sa_flags=SA_RESTART|SA_SIGINFO
SIGPIPE: [libjvm.dylib+0x48711c], sa_mask[0]=11111111011111110111111111111111, sa_flags=SA_RESTART|SA_SIGINFO
SIGXFSZ: [libjvm.dylib+0x48711c], sa_mask[0]=11111111011111110111111111111111, sa_flags=SA_RESTART|SA_SIGINFO
SIGILL: [libjvm.dylib+0x48711c], sa_mask[0]=11111111011111110111111111111111, sa_flags=SA_RESTART|SA_SIGINFO
SIGUSR1: SIG_DFL, sa_mask[0]=00000000000000000000000000000000, sa_flags=none
SIGUSR2: [libjvm.dylib+0x486c3a], sa_mask[0]=00100000000000000000000000000000, sa_flags=SA_RESTART|SA_SIGINFO
SIGHUP: [libjvm.dylib+0x485211], sa_mask[0]=11111111011111110111111111111111, sa_flags=SA_RESTART|SA_SIGINFO
SIGINT: [libjvm.dylib+0x485211], sa_mask[0]=11111111011111110111111111111111, sa_flags=SA_RESTART|SA_SIGINFO
SIGTERM: [libjvm.dylib+0x485211], sa_mask[0]=11111111011111110111111111111111, sa_flags=SA_RESTART|SA_SIGINFO
SIGQUIT: [libjvm.dylib+0x485211], sa_mask[0]=11111111011111110111111111111111, sa_flags=SA_RESTART|SA_SIGINFO


---------------  S Y S T E M  ---------------

OS:Bsduname:Darwin 18.7.0 Darwin Kernel Version 18.7.0: Tue Aug 20 16:57:14 PDT 2019; root:xnu-4903.271.2~2/RELEASE_X86_64 x86_64
rlimit: STACK 8192k, CORE 0k, NPROC 1418, NOFILE 10240, AS infinity
load average:13.10 9.82 6.54

CPU:total 12 (6 cores per cpu, 2 threads per core) family 6 model 158 stepping 10, cmov, cx8, fxsr, mmx, sse, sse2, sse3, ssse3, sse4.1, sse4.2, popcnt, avx, avx2, aes, clmul, erms, 3dnowpref, lzcnt, ht, tsc, tscinvbit, bmi1, bmi2, adx

Memory: 4k page, physical 16777216k(1665712k free)

/proc/meminfo:


vm_info: Java HotSpot(TM) 64-Bit Server VM (25.111-b14) for bsd-amd64 JRE (1.8.0_111-b14), built on Sep 22 2016 15:31:41 by "java_re" with gcc 4.2.1 (Based on Apple Inc. build 5658) (LLVM build 2336.11.00)

time: Wed Nov 20 13:43:06 2019
elapsed time: 324 seconds (0d 0h 5m 24s)

